<html>
<head>
<title>TestNG:  Default test</title>
<link href="../testng.css" rel="stylesheet" type="text/css" />
<link href="../my-testng.css" rel="stylesheet" type="text/css" />

<style type="text/css">
.log { display: none;} 
.stack-trace { display: none;} 
</style>
<script type="text/javascript">
<!--
function flip(e) {
  current = e.style.display;
  if (current == 'block') {
    e.style.display = 'none';
    return 0;
  }
  else {
    e.style.display = 'block';
    return 1;
  }
}

function toggleBox(szDivId, elem, msg1, msg2)
{
  var res = -1;  if (document.getElementById) {
    res = flip(document.getElementById(szDivId));
  }
  else if (document.all) {
    // this is the way old msie versions work
    res = flip(document.all[szDivId]);
  }
  if(elem) {
    if(res == 0) elem.innerHTML = msg1; else elem.innerHTML = msg2;
  }

}

function toggleAllBoxes() {
  if (document.getElementsByTagName) {
    d = document.getElementsByTagName('div');
    for (i = 0; i < d.length; i++) {
      if (d[i].className == 'log') {
        flip(d[i]);
      }
    }
  }
}

// -->
</script>

</head>
<body>
<h2 align='center'>Default test</h2><table border='1' align="center">
<tr>
<td>Tests passed/Failed/Skipped:</td><td>104/9/0</td>
</tr><tr>
<td>Started on:</td><td>Sun Jul 09 18:21:43 IST 2023</td>
</tr>
<tr><td>Total time:</td><td>11 seconds (11825 ms)</td>
</tr><tr>
<td>Included groups:</td><td></td>
</tr><tr>
<td>Excluded groups:</td><td></td>
</tr>
</table><p/>
<small><i>(Hover the method name to see the test class name)</i></small><p/>
<table width='100%' border='1' class='invocation-failed'>
<tr><td colspan='4' align='center'><b>FAILED TESTS</b></td></tr>
<tr><td><b>Test method</b></td>
<td><b>Attribute(s)</b></td>
<td width="30%"><b>Exception</b></td>
<td width="10%"><b>Time (seconds)</b></td>
<td><b>Instance</b></td>
</tr>
<tr>
<td title='test.CandidateControllerTest.testListOfCandidatesAfterInsertion()'><b>testListOfCandidatesAfterInsertion</b><br>Test class: test.CandidateControllerTest</td>
<td><div><pre>java.lang.NullPointerException: Cannot invoke &quot;org.springframework.validation.BindingResult.hasErrors()&quot; because &quot;bindingResult&quot; is null
	at controllers.CandidateController.listOfCandidatesAfterInsertion(CandidateController.java:85)
	at test.CandidateControllerTest.testListOfCandidatesAfterInsertion(CandidateControllerTest.java:101)
	at java.base/jdk.internal.reflect.NativeMethodAccessorImpl.invoke0(Native Method)
	at java.base/jdk.internal.reflect.NativeMethodAccessorImpl.invoke(NativeMethodAccessorImpl.java:77)
	at java.base/jdk.internal.reflect.DelegatingMethodAccessorImpl.invoke(DelegatingMethodAccessorImpl.java:43)
	at java.base/java.lang.reflect.Method.invoke(Method.java:568)
	at org.testng.internal.invokers.MethodInvocationHelper.invokeMethod(MethodInvocationHelper.java:139)
	at org.testng.internal.invokers.TestInvoker.invokeMethod(TestInvoker.java:664)
	at org.testng.internal.invokers.TestInvoker.invokeTestMethod(TestInvoker.java:227)
	at org.testng.internal.invokers.MethodRunner.runInSequence(MethodRunner.java:50)
	at org.testng.internal.invokers.TestInvoker$MethodInvocationAgent.invoke(TestInvoker.java:957)
	at org.testng.internal.invokers.TestInvoker.invokeTestMethods(TestInvoker.java:200)
	at org.testng.internal.invokers.TestMethodWorker.invokeTestMethods(TestMethodWorker.java:148)
	at org.testng.internal.invokers.TestMethodWorker.run(TestMethodWorker.java:128)
	at java.base/java.util.ArrayList.forEach(ArrayList.java:1511)
	at org.testng.TestRunner.privateRun(TestRunner.java:848)
	at org.testng.TestRunner.run(TestRunner.java:621)
	at org.testng.SuiteRunner.runTest(SuiteRunner.java:443)
	at org.testng.SuiteRunner.runSequentially(SuiteRunner.java:437)
	at org.testng.SuiteRunner.privateRun(SuiteRunner.java:397)
	at org.testng.SuiteRunner.run(SuiteRunner.java:336)
	at org.testng.SuiteRunnerWorker.runSuite(SuiteRunnerWorker.java:52)
	at org.testng.SuiteRunnerWorker.run(SuiteRunnerWorker.java:95)
	at org.testng.TestNG.runSuitesSequentially(TestNG.java:1280)
	at org.testng.TestNG.runSuitesLocally(TestNG.java:1200)
	at org.testng.TestNG.runSuites(TestNG.java:1114)
	at org.testng.TestNG.run(TestNG.java:1082)
	at org.testng.remote.AbstractRemoteTestNG.run(AbstractRemoteTestNG.java:115)
	at org.testng.remote.RemoteTestNG.initAndRun(RemoteTestNG.java:251)
	at org.testng.remote.RemoteTestNG.main(RemoteTestNG.java:77)
</pre></div><a href='#' onClick='toggleBox("stack-trace1486209125", this, "Click to show all stack frames", "Click to hide stack frames")'>Click to show all stack frames</a>
<div class='stack-trace' id='stack-trace1486209125'><pre>java.lang.NullPointerException: Cannot invoke &quot;org.springframework.validation.BindingResult.hasErrors()&quot; because &quot;bindingResult&quot; is null
	at controllers.CandidateController.listOfCandidatesAfterInsertion(CandidateController.java:85)
	at test.CandidateControllerTest.testListOfCandidatesAfterInsertion(CandidateControllerTest.java:101)
	at java.base/jdk.internal.reflect.NativeMethodAccessorImpl.invoke0(Native Method)
	at java.base/jdk.internal.reflect.NativeMethodAccessorImpl.invoke(NativeMethodAccessorImpl.java:77)
	at java.base/jdk.internal.reflect.DelegatingMethodAccessorImpl.invoke(DelegatingMethodAccessorImpl.java:43)
	at java.base/java.lang.reflect.Method.invoke(Method.java:568)
	at org.testng.internal.invokers.MethodInvocationHelper.invokeMethod(MethodInvocationHelper.java:139)
	at org.testng.internal.invokers.TestInvoker.invokeMethod(TestInvoker.java:664)
	at org.testng.internal.invokers.TestInvoker.invokeTestMethod(TestInvoker.java:227)
	at org.testng.internal.invokers.MethodRunner.runInSequence(MethodRunner.java:50)
	at org.testng.internal.invokers.TestInvoker$MethodInvocationAgent.invoke(TestInvoker.java:957)
	at org.testng.internal.invokers.TestInvoker.invokeTestMethods(TestInvoker.java:200)
	at org.testng.internal.invokers.TestMethodWorker.invokeTestMethods(TestMethodWorker.java:148)
	at org.testng.internal.invokers.TestMethodWorker.run(TestMethodWorker.java:128)
	at java.base/java.util.ArrayList.forEach(ArrayList.java:1511)
	at org.testng.TestRunner.privateRun(TestRunner.java:848)
	at org.testng.TestRunner.run(TestRunner.java:621)
	at org.testng.SuiteRunner.runTest(SuiteRunner.java:443)
	at org.testng.SuiteRunner.runSequentially(SuiteRunner.java:437)
	at org.testng.SuiteRunner.privateRun(SuiteRunner.java:397)
	at org.testng.SuiteRunner.run(SuiteRunner.java:336)
	at org.testng.SuiteRunnerWorker.runSuite(SuiteRunnerWorker.java:52)
	at org.testng.SuiteRunnerWorker.run(SuiteRunnerWorker.java:95)
	at org.testng.TestNG.runSuitesSequentially(TestNG.java:1280)
	at org.testng.TestNG.runSuitesLocally(TestNG.java:1200)
	at org.testng.TestNG.runSuites(TestNG.java:1114)
	at org.testng.TestNG.run(TestNG.java:1082)
	at org.testng.remote.AbstractRemoteTestNG.run(AbstractRemoteTestNG.java:115)
	at org.testng.remote.RemoteTestNG.initAndRun(RemoteTestNG.java:251)
	at org.testng.remote.RemoteTestNG.main(RemoteTestNG.java:77)
</pre></div></td>
<td>0</td>
<td>test.CandidateControllerTest@562919fe</td></tr>
<tr>
<td title='test.OfferLetterDAOImplTest.testUpdateCandidateStatus()'><b>testUpdateCandidateStatus</b><br>Test class: test.OfferLetterDAOImplTest</td>
<td><div><pre>java.lang.NullPointerException: Cannot invoke &quot;java.lang.Integer.intValue()&quot; because the return value of &quot;models.Candidate.getCandId()&quot; is null
	at DAO.OfferLetterDAOImpl.updateCandidateStatus(OfferLetterDAOImpl.java:92)
	at test.OfferLetterDAOImplTest.testUpdateCandidateStatus(OfferLetterDAOImplTest.java:123)
	at java.base/jdk.internal.reflect.NativeMethodAccessorImpl.invoke0(Native Method)
	at java.base/jdk.internal.reflect.NativeMethodAccessorImpl.invoke(NativeMethodAccessorImpl.java:77)
	at java.base/jdk.internal.reflect.DelegatingMethodAccessorImpl.invoke(DelegatingMethodAccessorImpl.java:43)
	at java.base/java.lang.reflect.Method.invoke(Method.java:568)
	at org.testng.internal.invokers.MethodInvocationHelper.invokeMethod(MethodInvocationHelper.java:139)
	at org.testng.internal.invokers.TestInvoker.invokeMethod(TestInvoker.java:664)
	at org.testng.internal.invokers.TestInvoker.invokeTestMethod(TestInvoker.java:227)
	at org.testng.internal.invokers.MethodRunner.runInSequence(MethodRunner.java:50)
	at org.testng.internal.invokers.TestInvoker$MethodInvocationAgent.invoke(TestInvoker.java:957)
	at org.testng.internal.invokers.TestInvoker.invokeTestMethods(TestInvoker.java:200)
	at org.testng.internal.invokers.TestMethodWorker.invokeTestMethods(TestMethodWorker.java:148)
	at org.testng.internal.invokers.TestMethodWorker.run(TestMethodWorker.java:128)
	at java.base/java.util.ArrayList.forEach(ArrayList.java:1511)
	at org.testng.TestRunner.privateRun(TestRunner.java:848)
	at org.testng.TestRunner.run(TestRunner.java:621)
	at org.testng.SuiteRunner.runTest(SuiteRunner.java:443)
	at org.testng.SuiteRunner.runSequentially(SuiteRunner.java:437)
	at org.testng.SuiteRunner.privateRun(SuiteRunner.java:397)
	at org.testng.SuiteRunner.run(SuiteRunner.java:336)
	at org.testng.SuiteRunnerWorker.runSuite(SuiteRunnerWorker.java:52)
	at org.testng.SuiteRunnerWorker.run(SuiteRunnerWorker.java:95)
	at org.testng.TestNG.runSuitesSequentially(TestNG.java:1280)
	at org.testng.TestNG.runSuitesLocally(TestNG.java:1200)
	at org.testng.TestNG.runSuites(TestNG.java:1114)
	at org.testng.TestNG.run(TestNG.java:1082)
	at org.testng.remote.AbstractRemoteTestNG.run(AbstractRemoteTestNG.java:115)
	at org.testng.remote.RemoteTestNG.initAndRun(RemoteTestNG.java:251)
	at org.testng.remote.RemoteTestNG.main(RemoteTestNG.java:77)
</pre></div><a href='#' onClick='toggleBox("stack-trace1185530728", this, "Click to show all stack frames", "Click to hide stack frames")'>Click to show all stack frames</a>
<div class='stack-trace' id='stack-trace1185530728'><pre>java.lang.NullPointerException: Cannot invoke &quot;java.lang.Integer.intValue()&quot; because the return value of &quot;models.Candidate.getCandId()&quot; is null
	at DAO.OfferLetterDAOImpl.updateCandidateStatus(OfferLetterDAOImpl.java:92)
	at test.OfferLetterDAOImplTest.testUpdateCandidateStatus(OfferLetterDAOImplTest.java:123)
	at java.base/jdk.internal.reflect.NativeMethodAccessorImpl.invoke0(Native Method)
	at java.base/jdk.internal.reflect.NativeMethodAccessorImpl.invoke(NativeMethodAccessorImpl.java:77)
	at java.base/jdk.internal.reflect.DelegatingMethodAccessorImpl.invoke(DelegatingMethodAccessorImpl.java:43)
	at java.base/java.lang.reflect.Method.invoke(Method.java:568)
	at org.testng.internal.invokers.MethodInvocationHelper.invokeMethod(MethodInvocationHelper.java:139)
	at org.testng.internal.invokers.TestInvoker.invokeMethod(TestInvoker.java:664)
	at org.testng.internal.invokers.TestInvoker.invokeTestMethod(TestInvoker.java:227)
	at org.testng.internal.invokers.MethodRunner.runInSequence(MethodRunner.java:50)
	at org.testng.internal.invokers.TestInvoker$MethodInvocationAgent.invoke(TestInvoker.java:957)
	at org.testng.internal.invokers.TestInvoker.invokeTestMethods(TestInvoker.java:200)
	at org.testng.internal.invokers.TestMethodWorker.invokeTestMethods(TestMethodWorker.java:148)
	at org.testng.internal.invokers.TestMethodWorker.run(TestMethodWorker.java:128)
	at java.base/java.util.ArrayList.forEach(ArrayList.java:1511)
	at org.testng.TestRunner.privateRun(TestRunner.java:848)
	at org.testng.TestRunner.run(TestRunner.java:621)
	at org.testng.SuiteRunner.runTest(SuiteRunner.java:443)
	at org.testng.SuiteRunner.runSequentially(SuiteRunner.java:437)
	at org.testng.SuiteRunner.privateRun(SuiteRunner.java:397)
	at org.testng.SuiteRunner.run(SuiteRunner.java:336)
	at org.testng.SuiteRunnerWorker.runSuite(SuiteRunnerWorker.java:52)
	at org.testng.SuiteRunnerWorker.run(SuiteRunnerWorker.java:95)
	at org.testng.TestNG.runSuitesSequentially(TestNG.java:1280)
	at org.testng.TestNG.runSuitesLocally(TestNG.java:1200)
	at org.testng.TestNG.runSuites(TestNG.java:1114)
	at org.testng.TestNG.run(TestNG.java:1082)
	at org.testng.remote.AbstractRemoteTestNG.run(AbstractRemoteTestNG.java:115)
	at org.testng.remote.RemoteTestNG.initAndRun(RemoteTestNG.java:251)
	at org.testng.remote.RemoteTestNG.main(RemoteTestNG.java:77)
</pre></div></td>
<td>0</td>
<td>test.OfferLetterDAOImplTest@42e4e589</td></tr>
<tr>
<td title='test.CandidateControllerTest.testShowCandidateList()'><b>testShowCandidateList</b><br>Test class: test.CandidateControllerTest</td>
<td><div><pre>Argument(s) are different! Wanted:
modelMapper.map(
    &lt;any List&gt;,
    &lt;any&gt;
);
-&gt; at test.CandidateControllerTest.testShowCandidateList(CandidateControllerTest.java:58)
Actual invocation has different arguments:
modelMapper.map(
    models.Candidate@767d9b9,
    class models.input.output.CandidateIO
);
-&gt; at controllers.CandidateController.getCandidateDetails(CandidateController.java:64)

	at test.CandidateControllerTest.testShowCandidateList(CandidateControllerTest.java:58)
	at java.base/jdk.internal.reflect.NativeMethodAccessorImpl.invoke0(Native Method)
	at java.base/jdk.internal.reflect.NativeMethodAccessorImpl.invoke(NativeMethodAccessorImpl.java:77)
	at java.base/jdk.internal.reflect.DelegatingMethodAccessorImpl.invoke(DelegatingMethodAccessorImpl.java:43)
	at java.base/java.lang.reflect.Method.invoke(Method.java:568)
	at org.testng.internal.invokers.MethodInvocationHelper.invokeMethod(MethodInvocationHelper.java:139)
	at org.testng.internal.invokers.TestInvoker.invokeMethod(TestInvoker.java:664)
	at org.testng.internal.invokers.TestInvoker.invokeTestMethod(TestInvoker.java:227)
	at org.testng.internal.invokers.MethodRunner.runInSequence(MethodRunner.java:50)
	at org.testng.internal.invokers.TestInvoker$MethodInvocationAgent.invoke(TestInvoker.java:957)
	at org.testng.internal.invokers.TestInvoker.invokeTestMethods(TestInvoker.java:200)
	at org.testng.internal.invokers.TestMethodWorker.invokeTestMethods(TestMethodWorker.java:148)
	at org.testng.internal.invokers.TestMethodWorker.run(TestMethodWorker.java:128)
	at java.base/java.util.ArrayList.forEach(ArrayList.java:1511)
	at org.testng.TestRunner.privateRun(TestRunner.java:848)
	at org.testng.TestRunner.run(TestRunner.java:621)
	at org.testng.SuiteRunner.runTest(SuiteRunner.java:443)
	at org.testng.SuiteRunner.runSequentially(SuiteRunner.java:437)
	at org.testng.SuiteRunner.privateRun(SuiteRunner.java:397)
	at org.testng.SuiteRunner.run(SuiteRunner.java:336)
	at org.testng.SuiteRunnerWorker.runSuite(SuiteRunnerWorker.java:52)
	at org.testng.SuiteRunnerWorker.run(SuiteRunnerWorker.java:95)
	at org.testng.TestNG.runSuitesSequentially(TestNG.java:1280)
	at org.testng.TestNG.runSuitesLocally(TestNG.java:1200)
	at org.testng.TestNG.runSuites(TestNG.java:1114)
	at org.testng.TestNG.run(TestNG.java:1082)
	at org.testng.remote.AbstractRemoteTestNG.run(AbstractRemoteTestNG.java:115)
	at org.testng.remote.RemoteTestNG.initAndRun(RemoteTestNG.java:251)
	at org.testng.remote.RemoteTestNG.main(RemoteTestNG.java:77)
</pre></div><a href='#' onClick='toggleBox("stack-trace2036538800", this, "Click to show all stack frames", "Click to hide stack frames")'>Click to show all stack frames</a>
<div class='stack-trace' id='stack-trace2036538800'><pre>Argument(s) are different! Wanted:
modelMapper.map(
    &lt;any List&gt;,
    &lt;any&gt;
);
-&gt; at test.CandidateControllerTest.testShowCandidateList(CandidateControllerTest.java:58)
Actual invocation has different arguments:
modelMapper.map(
    models.Candidate@767d9b9,
    class models.input.output.CandidateIO
);
-&gt; at controllers.CandidateController.getCandidateDetails(CandidateController.java:64)

	at test.CandidateControllerTest.testShowCandidateList(CandidateControllerTest.java:58)
	at java.base/jdk.internal.reflect.NativeMethodAccessorImpl.invoke0(Native Method)
	at java.base/jdk.internal.reflect.NativeMethodAccessorImpl.invoke(NativeMethodAccessorImpl.java:77)
	at java.base/jdk.internal.reflect.DelegatingMethodAccessorImpl.invoke(DelegatingMethodAccessorImpl.java:43)
	at java.base/java.lang.reflect.Method.invoke(Method.java:568)
	at org.testng.internal.invokers.MethodInvocationHelper.invokeMethod(MethodInvocationHelper.java:139)
	at org.testng.internal.invokers.TestInvoker.invokeMethod(TestInvoker.java:664)
	at org.testng.internal.invokers.TestInvoker.invokeTestMethod(TestInvoker.java:227)
	at org.testng.internal.invokers.MethodRunner.runInSequence(MethodRunner.java:50)
	at org.testng.internal.invokers.TestInvoker$MethodInvocationAgent.invoke(TestInvoker.java:957)
	at org.testng.internal.invokers.TestInvoker.invokeTestMethods(TestInvoker.java:200)
	at org.testng.internal.invokers.TestMethodWorker.invokeTestMethods(TestMethodWorker.java:148)
	at org.testng.internal.invokers.TestMethodWorker.run(TestMethodWorker.java:128)
	at java.base/java.util.ArrayList.forEach(ArrayList.java:1511)
	at org.testng.TestRunner.privateRun(TestRunner.java:848)
	at org.testng.TestRunner.run(TestRunner.java:621)
	at org.testng.SuiteRunner.runTest(SuiteRunner.java:443)
	at org.testng.SuiteRunner.runSequentially(SuiteRunner.java:437)
	at org.testng.SuiteRunner.privateRun(SuiteRunner.java:397)
	at org.testng.SuiteRunner.run(SuiteRunner.java:336)
	at org.testng.SuiteRunnerWorker.runSuite(SuiteRunnerWorker.java:52)
	at org.testng.SuiteRunnerWorker.run(SuiteRunnerWorker.java:95)
	at org.testng.TestNG.runSuitesSequentially(TestNG.java:1280)
	at org.testng.TestNG.runSuitesLocally(TestNG.java:1200)
	at org.testng.TestNG.runSuites(TestNG.java:1114)
	at org.testng.TestNG.run(TestNG.java:1082)
	at org.testng.remote.AbstractRemoteTestNG.run(AbstractRemoteTestNG.java:115)
	at org.testng.remote.RemoteTestNG.initAndRun(RemoteTestNG.java:251)
	at org.testng.remote.RemoteTestNG.main(RemoteTestNG.java:77)
</pre></div></td>
<td>0</td>
<td>test.CandidateControllerTest@562919fe</td></tr>
<tr>
<td title='test.CandidateControllerTest.testGetCandidateDetails()'><b>testGetCandidateDetails</b><br>Test class: test.CandidateControllerTest</td>
<td><div><pre>Argument(s) are different! Wanted:
modelMapper.map(
    &lt;any List&gt;,
    &lt;any&gt;
);
-&gt; at test.CandidateControllerTest.testGetCandidateDetails(CandidateControllerTest.java:77)
Actual invocation has different arguments:
modelMapper.map(
    models.Candidate@767d9b9,
    class models.input.output.CandidateIO
);
-&gt; at controllers.CandidateController.getCandidateDetails(CandidateController.java:64)

	at test.CandidateControllerTest.testGetCandidateDetails(CandidateControllerTest.java:77)
	at java.base/jdk.internal.reflect.NativeMethodAccessorImpl.invoke0(Native Method)
	at java.base/jdk.internal.reflect.NativeMethodAccessorImpl.invoke(NativeMethodAccessorImpl.java:77)
	at java.base/jdk.internal.reflect.DelegatingMethodAccessorImpl.invoke(DelegatingMethodAccessorImpl.java:43)
	at java.base/java.lang.reflect.Method.invoke(Method.java:568)
	at org.testng.internal.invokers.MethodInvocationHelper.invokeMethod(MethodInvocationHelper.java:139)
	at org.testng.internal.invokers.TestInvoker.invokeMethod(TestInvoker.java:664)
	at org.testng.internal.invokers.TestInvoker.invokeTestMethod(TestInvoker.java:227)
	at org.testng.internal.invokers.MethodRunner.runInSequence(MethodRunner.java:50)
	at org.testng.internal.invokers.TestInvoker$MethodInvocationAgent.invoke(TestInvoker.java:957)
	at org.testng.internal.invokers.TestInvoker.invokeTestMethods(TestInvoker.java:200)
	at org.testng.internal.invokers.TestMethodWorker.invokeTestMethods(TestMethodWorker.java:148)
	at org.testng.internal.invokers.TestMethodWorker.run(TestMethodWorker.java:128)
	at java.base/java.util.ArrayList.forEach(ArrayList.java:1511)
	at org.testng.TestRunner.privateRun(TestRunner.java:848)
	at org.testng.TestRunner.run(TestRunner.java:621)
	at org.testng.SuiteRunner.runTest(SuiteRunner.java:443)
	at org.testng.SuiteRunner.runSequentially(SuiteRunner.java:437)
	at org.testng.SuiteRunner.privateRun(SuiteRunner.java:397)
	at org.testng.SuiteRunner.run(SuiteRunner.java:336)
	at org.testng.SuiteRunnerWorker.runSuite(SuiteRunnerWorker.java:52)
	at org.testng.SuiteRunnerWorker.run(SuiteRunnerWorker.java:95)
	at org.testng.TestNG.runSuitesSequentially(TestNG.java:1280)
	at org.testng.TestNG.runSuitesLocally(TestNG.java:1200)
	at org.testng.TestNG.runSuites(TestNG.java:1114)
	at org.testng.TestNG.run(TestNG.java:1082)
	at org.testng.remote.AbstractRemoteTestNG.run(AbstractRemoteTestNG.java:115)
	at org.testng.remote.RemoteTestNG.initAndRun(RemoteTestNG.java:251)
	at org.testng.remote.RemoteTestNG.main(RemoteTestNG.java:77)
</pre></div><a href='#' onClick='toggleBox("stack-trace1728427875", this, "Click to show all stack frames", "Click to hide stack frames")'>Click to show all stack frames</a>
<div class='stack-trace' id='stack-trace1728427875'><pre>Argument(s) are different! Wanted:
modelMapper.map(
    &lt;any List&gt;,
    &lt;any&gt;
);
-&gt; at test.CandidateControllerTest.testGetCandidateDetails(CandidateControllerTest.java:77)
Actual invocation has different arguments:
modelMapper.map(
    models.Candidate@767d9b9,
    class models.input.output.CandidateIO
);
-&gt; at controllers.CandidateController.getCandidateDetails(CandidateController.java:64)

	at test.CandidateControllerTest.testGetCandidateDetails(CandidateControllerTest.java:77)
	at java.base/jdk.internal.reflect.NativeMethodAccessorImpl.invoke0(Native Method)
	at java.base/jdk.internal.reflect.NativeMethodAccessorImpl.invoke(NativeMethodAccessorImpl.java:77)
	at java.base/jdk.internal.reflect.DelegatingMethodAccessorImpl.invoke(DelegatingMethodAccessorImpl.java:43)
	at java.base/java.lang.reflect.Method.invoke(Method.java:568)
	at org.testng.internal.invokers.MethodInvocationHelper.invokeMethod(MethodInvocationHelper.java:139)
	at org.testng.internal.invokers.TestInvoker.invokeMethod(TestInvoker.java:664)
	at org.testng.internal.invokers.TestInvoker.invokeTestMethod(TestInvoker.java:227)
	at org.testng.internal.invokers.MethodRunner.runInSequence(MethodRunner.java:50)
	at org.testng.internal.invokers.TestInvoker$MethodInvocationAgent.invoke(TestInvoker.java:957)
	at org.testng.internal.invokers.TestInvoker.invokeTestMethods(TestInvoker.java:200)
	at org.testng.internal.invokers.TestMethodWorker.invokeTestMethods(TestMethodWorker.java:148)
	at org.testng.internal.invokers.TestMethodWorker.run(TestMethodWorker.java:128)
	at java.base/java.util.ArrayList.forEach(ArrayList.java:1511)
	at org.testng.TestRunner.privateRun(TestRunner.java:848)
	at org.testng.TestRunner.run(TestRunner.java:621)
	at org.testng.SuiteRunner.runTest(SuiteRunner.java:443)
	at org.testng.SuiteRunner.runSequentially(SuiteRunner.java:437)
	at org.testng.SuiteRunner.privateRun(SuiteRunner.java:397)
	at org.testng.SuiteRunner.run(SuiteRunner.java:336)
	at org.testng.SuiteRunnerWorker.runSuite(SuiteRunnerWorker.java:52)
	at org.testng.SuiteRunnerWorker.run(SuiteRunnerWorker.java:95)
	at org.testng.TestNG.runSuitesSequentially(TestNG.java:1280)
	at org.testng.TestNG.runSuitesLocally(TestNG.java:1200)
	at org.testng.TestNG.runSuites(TestNG.java:1114)
	at org.testng.TestNG.run(TestNG.java:1082)
	at org.testng.remote.AbstractRemoteTestNG.run(AbstractRemoteTestNG.java:115)
	at org.testng.remote.RemoteTestNG.initAndRun(RemoteTestNG.java:251)
	at org.testng.remote.RemoteTestNG.main(RemoteTestNG.java:77)
</pre></div></td>
<td>0</td>
<td>test.CandidateControllerTest@562919fe</td></tr>
<tr>
<td title='test.TestInductionDAOImpl.testGetEmploymentInductionDocCountMap()'><b>testGetEmploymentInductionDocCountMap</b><br>Test class: test.TestInductionDAOImpl</td>
<td><div><pre>java.lang.NullPointerException: Cannot invoke &quot;javax.persistence.TypedQuery.setParameter(String, Object)&quot; because &quot;typedQuery&quot; is null
	at DAO.InductionDAOImpl.getEmploymentInductionDocCount(InductionDAOImpl.java:131)
	at test.TestInductionDAOImpl.testGetEmploymentInductionDocCountMap(TestInductionDAOImpl.java:207)
	at java.base/jdk.internal.reflect.NativeMethodAccessorImpl.invoke0(Native Method)
	at java.base/jdk.internal.reflect.NativeMethodAccessorImpl.invoke(NativeMethodAccessorImpl.java:77)
	at java.base/jdk.internal.reflect.DelegatingMethodAccessorImpl.invoke(DelegatingMethodAccessorImpl.java:43)
	at java.base/java.lang.reflect.Method.invoke(Method.java:568)
	at org.testng.internal.invokers.MethodInvocationHelper.invokeMethod(MethodInvocationHelper.java:139)
	at org.testng.internal.invokers.TestInvoker.invokeMethod(TestInvoker.java:664)
	at org.testng.internal.invokers.TestInvoker.invokeTestMethod(TestInvoker.java:227)
	at org.testng.internal.invokers.MethodRunner.runInSequence(MethodRunner.java:50)
	at org.testng.internal.invokers.TestInvoker$MethodInvocationAgent.invoke(TestInvoker.java:957)
	at org.testng.internal.invokers.TestInvoker.invokeTestMethods(TestInvoker.java:200)
	at org.testng.internal.invokers.TestMethodWorker.invokeTestMethods(TestMethodWorker.java:148)
	at org.testng.internal.invokers.TestMethodWorker.run(TestMethodWorker.java:128)
	at java.base/java.util.ArrayList.forEach(ArrayList.java:1511)
	at org.testng.TestRunner.privateRun(TestRunner.java:848)
	at org.testng.TestRunner.run(TestRunner.java:621)
	at org.testng.SuiteRunner.runTest(SuiteRunner.java:443)
	at org.testng.SuiteRunner.runSequentially(SuiteRunner.java:437)
	at org.testng.SuiteRunner.privateRun(SuiteRunner.java:397)
	at org.testng.SuiteRunner.run(SuiteRunner.java:336)
	at org.testng.SuiteRunnerWorker.runSuite(SuiteRunnerWorker.java:52)
	at org.testng.SuiteRunnerWorker.run(SuiteRunnerWorker.java:95)
	at org.testng.TestNG.runSuitesSequentially(TestNG.java:1280)
	at org.testng.TestNG.runSuitesLocally(TestNG.java:1200)
	at org.testng.TestNG.runSuites(TestNG.java:1114)
	at org.testng.TestNG.run(TestNG.java:1082)
	at org.testng.remote.AbstractRemoteTestNG.run(AbstractRemoteTestNG.java:115)
	at org.testng.remote.RemoteTestNG.initAndRun(RemoteTestNG.java:251)
	at org.testng.remote.RemoteTestNG.main(RemoteTestNG.java:77)
</pre></div><a href='#' onClick='toggleBox("stack-trace1046473705", this, "Click to show all stack frames", "Click to hide stack frames")'>Click to show all stack frames</a>
<div class='stack-trace' id='stack-trace1046473705'><pre>java.lang.NullPointerException: Cannot invoke &quot;javax.persistence.TypedQuery.setParameter(String, Object)&quot; because &quot;typedQuery&quot; is null
	at DAO.InductionDAOImpl.getEmploymentInductionDocCount(InductionDAOImpl.java:131)
	at test.TestInductionDAOImpl.testGetEmploymentInductionDocCountMap(TestInductionDAOImpl.java:207)
	at java.base/jdk.internal.reflect.NativeMethodAccessorImpl.invoke0(Native Method)
	at java.base/jdk.internal.reflect.NativeMethodAccessorImpl.invoke(NativeMethodAccessorImpl.java:77)
	at java.base/jdk.internal.reflect.DelegatingMethodAccessorImpl.invoke(DelegatingMethodAccessorImpl.java:43)
	at java.base/java.lang.reflect.Method.invoke(Method.java:568)
	at org.testng.internal.invokers.MethodInvocationHelper.invokeMethod(MethodInvocationHelper.java:139)
	at org.testng.internal.invokers.TestInvoker.invokeMethod(TestInvoker.java:664)
	at org.testng.internal.invokers.TestInvoker.invokeTestMethod(TestInvoker.java:227)
	at org.testng.internal.invokers.MethodRunner.runInSequence(MethodRunner.java:50)
	at org.testng.internal.invokers.TestInvoker$MethodInvocationAgent.invoke(TestInvoker.java:957)
	at org.testng.internal.invokers.TestInvoker.invokeTestMethods(TestInvoker.java:200)
	at org.testng.internal.invokers.TestMethodWorker.invokeTestMethods(TestMethodWorker.java:148)
	at org.testng.internal.invokers.TestMethodWorker.run(TestMethodWorker.java:128)
	at java.base/java.util.ArrayList.forEach(ArrayList.java:1511)
	at org.testng.TestRunner.privateRun(TestRunner.java:848)
	at org.testng.TestRunner.run(TestRunner.java:621)
	at org.testng.SuiteRunner.runTest(SuiteRunner.java:443)
	at org.testng.SuiteRunner.runSequentially(SuiteRunner.java:437)
	at org.testng.SuiteRunner.privateRun(SuiteRunner.java:397)
	at org.testng.SuiteRunner.run(SuiteRunner.java:336)
	at org.testng.SuiteRunnerWorker.runSuite(SuiteRunnerWorker.java:52)
	at org.testng.SuiteRunnerWorker.run(SuiteRunnerWorker.java:95)
	at org.testng.TestNG.runSuitesSequentially(TestNG.java:1280)
	at org.testng.TestNG.runSuitesLocally(TestNG.java:1200)
	at org.testng.TestNG.runSuites(TestNG.java:1114)
	at org.testng.TestNG.run(TestNG.java:1082)
	at org.testng.remote.AbstractRemoteTestNG.run(AbstractRemoteTestNG.java:115)
	at org.testng.remote.RemoteTestNG.initAndRun(RemoteTestNG.java:251)
	at org.testng.remote.RemoteTestNG.main(RemoteTestNG.java:77)
</pre></div></td>
<td>0</td>
<td>test.TestInductionDAOImpl@335f5c69</td></tr>
<tr>
<td title='test.TestEmploymentInductionDocDAOImpl.testGetAllDocuments()'><b>testGetAllDocuments</b><br>Test class: test.TestEmploymentInductionDocDAOImpl</td>
<td><div><pre>java.lang.ArrayIndexOutOfBoundsException: Index 4 out of bounds for length 4
	at DAO.EmploymentInductionDocDAOImpl.getAllDocuments(EmploymentInductionDocDAOImpl.java:53)
	at test.TestEmploymentInductionDocDAOImpl.testGetAllDocuments(TestEmploymentInductionDocDAOImpl.java:67)
	at java.base/jdk.internal.reflect.NativeMethodAccessorImpl.invoke0(Native Method)
	at java.base/jdk.internal.reflect.NativeMethodAccessorImpl.invoke(NativeMethodAccessorImpl.java:77)
	at java.base/jdk.internal.reflect.DelegatingMethodAccessorImpl.invoke(DelegatingMethodAccessorImpl.java:43)
	at java.base/java.lang.reflect.Method.invoke(Method.java:568)
	at org.testng.internal.invokers.MethodInvocationHelper.invokeMethod(MethodInvocationHelper.java:139)
	at org.testng.internal.invokers.TestInvoker.invokeMethod(TestInvoker.java:664)
	at org.testng.internal.invokers.TestInvoker.invokeTestMethod(TestInvoker.java:227)
	at org.testng.internal.invokers.MethodRunner.runInSequence(MethodRunner.java:50)
	at org.testng.internal.invokers.TestInvoker$MethodInvocationAgent.invoke(TestInvoker.java:957)
	at org.testng.internal.invokers.TestInvoker.invokeTestMethods(TestInvoker.java:200)
	at org.testng.internal.invokers.TestMethodWorker.invokeTestMethods(TestMethodWorker.java:148)
	at org.testng.internal.invokers.TestMethodWorker.run(TestMethodWorker.java:128)
	at java.base/java.util.ArrayList.forEach(ArrayList.java:1511)
	at org.testng.TestRunner.privateRun(TestRunner.java:848)
	at org.testng.TestRunner.run(TestRunner.java:621)
	at org.testng.SuiteRunner.runTest(SuiteRunner.java:443)
	at org.testng.SuiteRunner.runSequentially(SuiteRunner.java:437)
	at org.testng.SuiteRunner.privateRun(SuiteRunner.java:397)
	at org.testng.SuiteRunner.run(SuiteRunner.java:336)
	at org.testng.SuiteRunnerWorker.runSuite(SuiteRunnerWorker.java:52)
	at org.testng.SuiteRunnerWorker.run(SuiteRunnerWorker.java:95)
	at org.testng.TestNG.runSuitesSequentially(TestNG.java:1280)
	at org.testng.TestNG.runSuitesLocally(TestNG.java:1200)
	at org.testng.TestNG.runSuites(TestNG.java:1114)
	at org.testng.TestNG.run(TestNG.java:1082)
	at org.testng.remote.AbstractRemoteTestNG.run(AbstractRemoteTestNG.java:115)
	at org.testng.remote.RemoteTestNG.initAndRun(RemoteTestNG.java:251)
	at org.testng.remote.RemoteTestNG.main(RemoteTestNG.java:77)
</pre></div><a href='#' onClick='toggleBox("stack-trace174730272", this, "Click to show all stack frames", "Click to hide stack frames")'>Click to show all stack frames</a>
<div class='stack-trace' id='stack-trace174730272'><pre>java.lang.ArrayIndexOutOfBoundsException: Index 4 out of bounds for length 4
	at DAO.EmploymentInductionDocDAOImpl.getAllDocuments(EmploymentInductionDocDAOImpl.java:53)
	at test.TestEmploymentInductionDocDAOImpl.testGetAllDocuments(TestEmploymentInductionDocDAOImpl.java:67)
	at java.base/jdk.internal.reflect.NativeMethodAccessorImpl.invoke0(Native Method)
	at java.base/jdk.internal.reflect.NativeMethodAccessorImpl.invoke(NativeMethodAccessorImpl.java:77)
	at java.base/jdk.internal.reflect.DelegatingMethodAccessorImpl.invoke(DelegatingMethodAccessorImpl.java:43)
	at java.base/java.lang.reflect.Method.invoke(Method.java:568)
	at org.testng.internal.invokers.MethodInvocationHelper.invokeMethod(MethodInvocationHelper.java:139)
	at org.testng.internal.invokers.TestInvoker.invokeMethod(TestInvoker.java:664)
	at org.testng.internal.invokers.TestInvoker.invokeTestMethod(TestInvoker.java:227)
	at org.testng.internal.invokers.MethodRunner.runInSequence(MethodRunner.java:50)
	at org.testng.internal.invokers.TestInvoker$MethodInvocationAgent.invoke(TestInvoker.java:957)
	at org.testng.internal.invokers.TestInvoker.invokeTestMethods(TestInvoker.java:200)
	at org.testng.internal.invokers.TestMethodWorker.invokeTestMethods(TestMethodWorker.java:148)
	at org.testng.internal.invokers.TestMethodWorker.run(TestMethodWorker.java:128)
	at java.base/java.util.ArrayList.forEach(ArrayList.java:1511)
	at org.testng.TestRunner.privateRun(TestRunner.java:848)
	at org.testng.TestRunner.run(TestRunner.java:621)
	at org.testng.SuiteRunner.runTest(SuiteRunner.java:443)
	at org.testng.SuiteRunner.runSequentially(SuiteRunner.java:437)
	at org.testng.SuiteRunner.privateRun(SuiteRunner.java:397)
	at org.testng.SuiteRunner.run(SuiteRunner.java:336)
	at org.testng.SuiteRunnerWorker.runSuite(SuiteRunnerWorker.java:52)
	at org.testng.SuiteRunnerWorker.run(SuiteRunnerWorker.java:95)
	at org.testng.TestNG.runSuitesSequentially(TestNG.java:1280)
	at org.testng.TestNG.runSuitesLocally(TestNG.java:1200)
	at org.testng.TestNG.runSuites(TestNG.java:1114)
	at org.testng.TestNG.run(TestNG.java:1082)
	at org.testng.remote.AbstractRemoteTestNG.run(AbstractRemoteTestNG.java:115)
	at org.testng.remote.RemoteTestNG.initAndRun(RemoteTestNG.java:251)
	at org.testng.remote.RemoteTestNG.main(RemoteTestNG.java:77)
</pre></div></td>
<td>0</td>
<td>test.TestEmploymentInductionDocDAOImpl@715f45c6</td></tr>
<tr>
<td title='test.EmployeeAttendanceServiceTest.testGetYesterdayPunchData()'><b>testGetYesterdayPunchData</b><br>Test class: test.EmployeeAttendanceServiceTest</td>
<td><div><pre>java.lang.AssertionError: expected [09:00 am] but found [09:00 AM]
	at org.testng.Assert.fail(Assert.java:111)
	at org.testng.Assert.failNotEquals(Assert.java:1578)
	at org.testng.Assert.assertEqualsImpl(Assert.java:150)
	at org.testng.Assert.assertEquals(Assert.java:132)
	at org.testng.Assert.assertEquals(Assert.java:656)
	at org.testng.Assert.assertEquals(Assert.java:666)
	at test.EmployeeAttendanceServiceTest.testGetYesterdayPunchData(EmployeeAttendanceServiceTest.java:86)
	at java.base/jdk.internal.reflect.NativeMethodAccessorImpl.invoke0(Native Method)
	at java.base/jdk.internal.reflect.NativeMethodAccessorImpl.invoke(NativeMethodAccessorImpl.java:77)
	at java.base/jdk.internal.reflect.DelegatingMethodAccessorImpl.invoke(DelegatingMethodAccessorImpl.java:43)
	at java.base/java.lang.reflect.Method.invoke(Method.java:568)
	at org.testng.internal.invokers.MethodInvocationHelper.invokeMethod(MethodInvocationHelper.java:139)
	at org.testng.internal.invokers.TestInvoker.invokeMethod(TestInvoker.java:664)
	at org.testng.internal.invokers.TestInvoker.invokeTestMethod(TestInvoker.java:227)
	at org.testng.internal.invokers.MethodRunner.runInSequence(MethodRunner.java:50)
	at org.testng.internal.invokers.TestInvoker$MethodInvocationAgent.invoke(TestInvoker.java:957)
	at org.testng.internal.invokers.TestInvoker.invokeTestMethods(TestInvoker.java:200)
	at org.testng.internal.invokers.TestMethodWorker.invokeTestMethods(TestMethodWorker.java:148)
	at org.testng.internal.invokers.TestMethodWorker.run(TestMethodWorker.java:128)
	at java.base/java.util.ArrayList.forEach(ArrayList.java:1511)
	at org.testng.TestRunner.privateRun(TestRunner.java:848)
	at org.testng.TestRunner.run(TestRunner.java:621)
	at org.testng.SuiteRunner.runTest(SuiteRunner.java:443)
	at org.testng.SuiteRunner.runSequentially(SuiteRunner.java:437)
	at org.testng.SuiteRunner.privateRun(SuiteRunner.java:397)
	at org.testng.SuiteRunner.run(SuiteRunner.java:336)
	at org.testng.SuiteRunnerWorker.runSuite(SuiteRunnerWorker.java:52)
	at org.testng.SuiteRunnerWorker.run(SuiteRunnerWorker.java:95)
	at org.testng.TestNG.runSuitesSequentially(TestNG.java:1280)
	at org.testng.TestNG.runSuitesLocally(TestNG.java:1200)
	at org.testng.TestNG.runSuites(TestNG.java:1114)
	at org.testng.TestNG.run(TestNG.java:1082)
	at org.testng.remote.AbstractRemoteTestNG.run(AbstractRemoteTestNG.java:115)
	at org.testng.remote.RemoteTestNG.initAndRun(RemoteTestNG.java:251)
	at org.testng.remote.RemoteTestNG.main(RemoteTestNG.java:77)
</pre></div><a href='#' onClick='toggleBox("stack-trace255401554", this, "Click to show all stack frames", "Click to hide stack frames")'>Click to show all stack frames</a>
<div class='stack-trace' id='stack-trace255401554'><pre>java.lang.AssertionError: expected [09:00 am] but found [09:00 AM]
	at org.testng.Assert.fail(Assert.java:111)
	at org.testng.Assert.failNotEquals(Assert.java:1578)
	at org.testng.Assert.assertEqualsImpl(Assert.java:150)
	at org.testng.Assert.assertEquals(Assert.java:132)
	at org.testng.Assert.assertEquals(Assert.java:656)
	at org.testng.Assert.assertEquals(Assert.java:666)
	at test.EmployeeAttendanceServiceTest.testGetYesterdayPunchData(EmployeeAttendanceServiceTest.java:86)
	at java.base/jdk.internal.reflect.NativeMethodAccessorImpl.invoke0(Native Method)
	at java.base/jdk.internal.reflect.NativeMethodAccessorImpl.invoke(NativeMethodAccessorImpl.java:77)
	at java.base/jdk.internal.reflect.DelegatingMethodAccessorImpl.invoke(DelegatingMethodAccessorImpl.java:43)
	at java.base/java.lang.reflect.Method.invoke(Method.java:568)
	at org.testng.internal.invokers.MethodInvocationHelper.invokeMethod(MethodInvocationHelper.java:139)
	at org.testng.internal.invokers.TestInvoker.invokeMethod(TestInvoker.java:664)
	at org.testng.internal.invokers.TestInvoker.invokeTestMethod(TestInvoker.java:227)
	at org.testng.internal.invokers.MethodRunner.runInSequence(MethodRunner.java:50)
	at org.testng.internal.invokers.TestInvoker$MethodInvocationAgent.invoke(TestInvoker.java:957)
	at org.testng.internal.invokers.TestInvoker.invokeTestMethods(TestInvoker.java:200)
	at org.testng.internal.invokers.TestMethodWorker.invokeTestMethods(TestMethodWorker.java:148)
	at org.testng.internal.invokers.TestMethodWorker.run(TestMethodWorker.java:128)
	at java.base/java.util.ArrayList.forEach(ArrayList.java:1511)
	at org.testng.TestRunner.privateRun(TestRunner.java:848)
	at org.testng.TestRunner.run(TestRunner.java:621)
	at org.testng.SuiteRunner.runTest(SuiteRunner.java:443)
	at org.testng.SuiteRunner.runSequentially(SuiteRunner.java:437)
	at org.testng.SuiteRunner.privateRun(SuiteRunner.java:397)
	at org.testng.SuiteRunner.run(SuiteRunner.java:336)
	at org.testng.SuiteRunnerWorker.runSuite(SuiteRunnerWorker.java:52)
	at org.testng.SuiteRunnerWorker.run(SuiteRunnerWorker.java:95)
	at org.testng.TestNG.runSuitesSequentially(TestNG.java:1280)
	at org.testng.TestNG.runSuitesLocally(TestNG.java:1200)
	at org.testng.TestNG.runSuites(TestNG.java:1114)
	at org.testng.TestNG.run(TestNG.java:1082)
	at org.testng.remote.AbstractRemoteTestNG.run(AbstractRemoteTestNG.java:115)
	at org.testng.remote.RemoteTestNG.initAndRun(RemoteTestNG.java:251)
	at org.testng.remote.RemoteTestNG.main(RemoteTestNG.java:77)
</pre></div></td>
<td>0</td>
<td>test.EmployeeAttendanceServiceTest@5d5c41e5</td></tr>
<tr>
<td title='test.TestInductionDAOImpl.testGetEmployeeOfferedIdMaxMap()'><b>testGetEmployeeOfferedIdMaxMap</b><br>Test class: test.TestInductionDAOImpl</td>
<td><div><pre>java.lang.NullPointerException: Cannot invoke &quot;javax.persistence.TypedQuery.setParameter(String, Object)&quot; because &quot;typedQuery&quot; is null
	at DAO.InductionDAOImpl.getCountOfOfferIdentity(InductionDAOImpl.java:108)
	at test.TestInductionDAOImpl.testGetEmployeeOfferedIdMaxMap(TestInductionDAOImpl.java:168)
	at java.base/jdk.internal.reflect.NativeMethodAccessorImpl.invoke0(Native Method)
	at java.base/jdk.internal.reflect.NativeMethodAccessorImpl.invoke(NativeMethodAccessorImpl.java:77)
	at java.base/jdk.internal.reflect.DelegatingMethodAccessorImpl.invoke(DelegatingMethodAccessorImpl.java:43)
	at java.base/java.lang.reflect.Method.invoke(Method.java:568)
	at org.testng.internal.invokers.MethodInvocationHelper.invokeMethod(MethodInvocationHelper.java:139)
	at org.testng.internal.invokers.TestInvoker.invokeMethod(TestInvoker.java:664)
	at org.testng.internal.invokers.TestInvoker.invokeTestMethod(TestInvoker.java:227)
	at org.testng.internal.invokers.MethodRunner.runInSequence(MethodRunner.java:50)
	at org.testng.internal.invokers.TestInvoker$MethodInvocationAgent.invoke(TestInvoker.java:957)
	at org.testng.internal.invokers.TestInvoker.invokeTestMethods(TestInvoker.java:200)
	at org.testng.internal.invokers.TestMethodWorker.invokeTestMethods(TestMethodWorker.java:148)
	at org.testng.internal.invokers.TestMethodWorker.run(TestMethodWorker.java:128)
	at java.base/java.util.ArrayList.forEach(ArrayList.java:1511)
	at org.testng.TestRunner.privateRun(TestRunner.java:848)
	at org.testng.TestRunner.run(TestRunner.java:621)
	at org.testng.SuiteRunner.runTest(SuiteRunner.java:443)
	at org.testng.SuiteRunner.runSequentially(SuiteRunner.java:437)
	at org.testng.SuiteRunner.privateRun(SuiteRunner.java:397)
	at org.testng.SuiteRunner.run(SuiteRunner.java:336)
	at org.testng.SuiteRunnerWorker.runSuite(SuiteRunnerWorker.java:52)
	at org.testng.SuiteRunnerWorker.run(SuiteRunnerWorker.java:95)
	at org.testng.TestNG.runSuitesSequentially(TestNG.java:1280)
	at org.testng.TestNG.runSuitesLocally(TestNG.java:1200)
	at org.testng.TestNG.runSuites(TestNG.java:1114)
	at org.testng.TestNG.run(TestNG.java:1082)
	at org.testng.remote.AbstractRemoteTestNG.run(AbstractRemoteTestNG.java:115)
	at org.testng.remote.RemoteTestNG.initAndRun(RemoteTestNG.java:251)
	at org.testng.remote.RemoteTestNG.main(RemoteTestNG.java:77)
</pre></div><a href='#' onClick='toggleBox("stack-trace1348883706", this, "Click to show all stack frames", "Click to hide stack frames")'>Click to show all stack frames</a>
<div class='stack-trace' id='stack-trace1348883706'><pre>java.lang.NullPointerException: Cannot invoke &quot;javax.persistence.TypedQuery.setParameter(String, Object)&quot; because &quot;typedQuery&quot; is null
	at DAO.InductionDAOImpl.getCountOfOfferIdentity(InductionDAOImpl.java:108)
	at test.TestInductionDAOImpl.testGetEmployeeOfferedIdMaxMap(TestInductionDAOImpl.java:168)
	at java.base/jdk.internal.reflect.NativeMethodAccessorImpl.invoke0(Native Method)
	at java.base/jdk.internal.reflect.NativeMethodAccessorImpl.invoke(NativeMethodAccessorImpl.java:77)
	at java.base/jdk.internal.reflect.DelegatingMethodAccessorImpl.invoke(DelegatingMethodAccessorImpl.java:43)
	at java.base/java.lang.reflect.Method.invoke(Method.java:568)
	at org.testng.internal.invokers.MethodInvocationHelper.invokeMethod(MethodInvocationHelper.java:139)
	at org.testng.internal.invokers.TestInvoker.invokeMethod(TestInvoker.java:664)
	at org.testng.internal.invokers.TestInvoker.invokeTestMethod(TestInvoker.java:227)
	at org.testng.internal.invokers.MethodRunner.runInSequence(MethodRunner.java:50)
	at org.testng.internal.invokers.TestInvoker$MethodInvocationAgent.invoke(TestInvoker.java:957)
	at org.testng.internal.invokers.TestInvoker.invokeTestMethods(TestInvoker.java:200)
	at org.testng.internal.invokers.TestMethodWorker.invokeTestMethods(TestMethodWorker.java:148)
	at org.testng.internal.invokers.TestMethodWorker.run(TestMethodWorker.java:128)
	at java.base/java.util.ArrayList.forEach(ArrayList.java:1511)
	at org.testng.TestRunner.privateRun(TestRunner.java:848)
	at org.testng.TestRunner.run(TestRunner.java:621)
	at org.testng.SuiteRunner.runTest(SuiteRunner.java:443)
	at org.testng.SuiteRunner.runSequentially(SuiteRunner.java:437)
	at org.testng.SuiteRunner.privateRun(SuiteRunner.java:397)
	at org.testng.SuiteRunner.run(SuiteRunner.java:336)
	at org.testng.SuiteRunnerWorker.runSuite(SuiteRunnerWorker.java:52)
	at org.testng.SuiteRunnerWorker.run(SuiteRunnerWorker.java:95)
	at org.testng.TestNG.runSuitesSequentially(TestNG.java:1280)
	at org.testng.TestNG.runSuitesLocally(TestNG.java:1200)
	at org.testng.TestNG.runSuites(TestNG.java:1114)
	at org.testng.TestNG.run(TestNG.java:1082)
	at org.testng.remote.AbstractRemoteTestNG.run(AbstractRemoteTestNG.java:115)
	at org.testng.remote.RemoteTestNG.initAndRun(RemoteTestNG.java:251)
	at org.testng.remote.RemoteTestNG.main(RemoteTestNG.java:77)
</pre></div></td>
<td>0</td>
<td>test.TestInductionDAOImpl@335f5c69</td></tr>
<tr>
<td title='test.EmployeeLeaveServiceTest.testSendEmail()'><b>testSendEmail</b><br>Test class: test.EmployeeLeaveServiceTest</td>
<td><div><pre>java.lang.NullPointerException: Cannot invoke &quot;service_interfaces.MailServiceInterface.sendLeaveRequestMail(javax.servlet.http.HttpServletRequest, javax.servlet.http.HttpServletResponse, models.input.output.EmployeeLeaveInputModel, String, String)&quot; because &quot;this.mailService&quot; is null
	at service.EmployeeLeaveService.sendEmail(EmployeeLeaveService.java:130)
	at test.EmployeeLeaveServiceTest.testSendEmail(EmployeeLeaveServiceTest.java:229)
	at java.base/jdk.internal.reflect.NativeMethodAccessorImpl.invoke0(Native Method)
	at java.base/jdk.internal.reflect.NativeMethodAccessorImpl.invoke(NativeMethodAccessorImpl.java:77)
	at java.base/jdk.internal.reflect.DelegatingMethodAccessorImpl.invoke(DelegatingMethodAccessorImpl.java:43)
	at java.base/java.lang.reflect.Method.invoke(Method.java:568)
	at org.testng.internal.invokers.MethodInvocationHelper.invokeMethod(MethodInvocationHelper.java:139)
	at org.testng.internal.invokers.TestInvoker.invokeMethod(TestInvoker.java:664)
	at org.testng.internal.invokers.TestInvoker.invokeTestMethod(TestInvoker.java:227)
	at org.testng.internal.invokers.MethodRunner.runInSequence(MethodRunner.java:50)
	at org.testng.internal.invokers.TestInvoker$MethodInvocationAgent.invoke(TestInvoker.java:957)
	at org.testng.internal.invokers.TestInvoker.invokeTestMethods(TestInvoker.java:200)
	at org.testng.internal.invokers.TestMethodWorker.invokeTestMethods(TestMethodWorker.java:148)
	at org.testng.internal.invokers.TestMethodWorker.run(TestMethodWorker.java:128)
	at java.base/java.util.ArrayList.forEach(ArrayList.java:1511)
	at org.testng.TestRunner.privateRun(TestRunner.java:848)
	at org.testng.TestRunner.run(TestRunner.java:621)
	at org.testng.SuiteRunner.runTest(SuiteRunner.java:443)
	at org.testng.SuiteRunner.runSequentially(SuiteRunner.java:437)
	at org.testng.SuiteRunner.privateRun(SuiteRunner.java:397)
	at org.testng.SuiteRunner.run(SuiteRunner.java:336)
	at org.testng.SuiteRunnerWorker.runSuite(SuiteRunnerWorker.java:52)
	at org.testng.SuiteRunnerWorker.run(SuiteRunnerWorker.java:95)
	at org.testng.TestNG.runSuitesSequentially(TestNG.java:1280)
	at org.testng.TestNG.runSuitesLocally(TestNG.java:1200)
	at org.testng.TestNG.runSuites(TestNG.java:1114)
	at org.testng.TestNG.run(TestNG.java:1082)
	at org.testng.remote.AbstractRemoteTestNG.run(AbstractRemoteTestNG.java:115)
	at org.testng.remote.RemoteTestNG.initAndRun(RemoteTestNG.java:251)
	at org.testng.remote.RemoteTestNG.main(RemoteTestNG.java:77)
</pre></div><a href='#' onClick='toggleBox("stack-trace1836569193", this, "Click to show all stack frames", "Click to hide stack frames")'>Click to show all stack frames</a>
<div class='stack-trace' id='stack-trace1836569193'><pre>java.lang.NullPointerException: Cannot invoke &quot;service_interfaces.MailServiceInterface.sendLeaveRequestMail(javax.servlet.http.HttpServletRequest, javax.servlet.http.HttpServletResponse, models.input.output.EmployeeLeaveInputModel, String, String)&quot; because &quot;this.mailService&quot; is null
	at service.EmployeeLeaveService.sendEmail(EmployeeLeaveService.java:130)
	at test.EmployeeLeaveServiceTest.testSendEmail(EmployeeLeaveServiceTest.java:229)
	at java.base/jdk.internal.reflect.NativeMethodAccessorImpl.invoke0(Native Method)
	at java.base/jdk.internal.reflect.NativeMethodAccessorImpl.invoke(NativeMethodAccessorImpl.java:77)
	at java.base/jdk.internal.reflect.DelegatingMethodAccessorImpl.invoke(DelegatingMethodAccessorImpl.java:43)
	at java.base/java.lang.reflect.Method.invoke(Method.java:568)
	at org.testng.internal.invokers.MethodInvocationHelper.invokeMethod(MethodInvocationHelper.java:139)
	at org.testng.internal.invokers.TestInvoker.invokeMethod(TestInvoker.java:664)
	at org.testng.internal.invokers.TestInvoker.invokeTestMethod(TestInvoker.java:227)
	at org.testng.internal.invokers.MethodRunner.runInSequence(MethodRunner.java:50)
	at org.testng.internal.invokers.TestInvoker$MethodInvocationAgent.invoke(TestInvoker.java:957)
	at org.testng.internal.invokers.TestInvoker.invokeTestMethods(TestInvoker.java:200)
	at org.testng.internal.invokers.TestMethodWorker.invokeTestMethods(TestMethodWorker.java:148)
	at org.testng.internal.invokers.TestMethodWorker.run(TestMethodWorker.java:128)
	at java.base/java.util.ArrayList.forEach(ArrayList.java:1511)
	at org.testng.TestRunner.privateRun(TestRunner.java:848)
	at org.testng.TestRunner.run(TestRunner.java:621)
	at org.testng.SuiteRunner.runTest(SuiteRunner.java:443)
	at org.testng.SuiteRunner.runSequentially(SuiteRunner.java:437)
	at org.testng.SuiteRunner.privateRun(SuiteRunner.java:397)
	at org.testng.SuiteRunner.run(SuiteRunner.java:336)
	at org.testng.SuiteRunnerWorker.runSuite(SuiteRunnerWorker.java:52)
	at org.testng.SuiteRunnerWorker.run(SuiteRunnerWorker.java:95)
	at org.testng.TestNG.runSuitesSequentially(TestNG.java:1280)
	at org.testng.TestNG.runSuitesLocally(TestNG.java:1200)
	at org.testng.TestNG.runSuites(TestNG.java:1114)
	at org.testng.TestNG.run(TestNG.java:1082)
	at org.testng.remote.AbstractRemoteTestNG.run(AbstractRemoteTestNG.java:115)
	at org.testng.remote.RemoteTestNG.initAndRun(RemoteTestNG.java:251)
	at org.testng.remote.RemoteTestNG.main(RemoteTestNG.java:77)
</pre></div></td>
<td>0</td>
<td>test.EmployeeLeaveServiceTest@499ee966</td></tr>
</table><p>
<table width='100%' border='1' class='invocation-passed'>
<tr><td colspan='4' align='center'><b>PASSED TESTS</b></td></tr>
<tr><td><b>Test method</b></td>
<td><b>Attribute(s)</b></td>
<td width="30%"><b>Exception</b></td>
<td width="10%"><b>Time (seconds)</b></td>
<td><b>Instance</b></td>
</tr>
<tr>
<td title='test.EmployeeAttendanceServiceTest.testInsertEmployeeAttendance()'><b>testInsertEmployeeAttendance</b><br>Test class: test.EmployeeAttendanceServiceTest</td>
<td></td>
<td>0</td>
<td>test.EmployeeAttendanceServiceTest@5d5c41e5</td></tr>
<tr>
<td title='test.TestInductionDAOImpl.testGetEmploymentInductionDocCount()'><b>testGetEmploymentInductionDocCount</b><br>Test class: test.TestInductionDAOImpl</td>
<td></td>
<td>0</td>
<td>test.TestInductionDAOImpl@335f5c69</td></tr>
<tr>
<td title='test.HolidayDAOImplTest.testGetAllJobGradesInfo()'><b>testGetAllJobGradesInfo</b><br>Test class: test.HolidayDAOImplTest</td>
<td></td>
<td>0</td>
<td>test.HolidayDAOImplTest@1d6751e3</td></tr>
<tr>
<td title='test.HolidayDAOImplTest.testUpdateJobGradeHoliday()'><b>testUpdateJobGradeHoliday</b><br>Test class: test.HolidayDAOImplTest</td>
<td></td>
<td>0</td>
<td>test.HolidayDAOImplTest@1d6751e3</td></tr>
<tr>
<td title='test.ApplyPermissionDAOImplTest.testGetNextPermissionIndex()'><b>testGetNextPermissionIndex</b><br>Test class: test.ApplyPermissionDAOImplTest</td>
<td></td>
<td>0</td>
<td>test.ApplyPermissionDAOImplTest@1ac6dd3d</td></tr>
<tr>
<td title='test.TestReferenceDocumentDAOImpl.testFindById()'><b>testFindById</b><br>Test class: test.TestReferenceDocumentDAOImpl</td>
<td></td>
<td>0</td>
<td>test.TestReferenceDocumentDAOImpl@a85644c</td></tr>
<tr>
<td title='test.EmployeeDAOImplTest.testGetEmployeeParametersById()'><b>testGetEmployeeParametersById</b><br>Test class: test.EmployeeDAOImplTest</td>
<td></td>
<td>0</td>
<td>test.EmployeeDAOImplTest@794f11cd</td></tr>
<tr>
<td title='test.PayRollServiceImplTest.testCalculateESI()'><b>testCalculateESI</b><br>Test class: test.PayRollServiceImplTest</td>
<td></td>
<td>0</td>
<td>test.PayRollServiceImplTest@43245559</td></tr>
<tr>
<td title='test.PermissionsControllerTest.testGetPermissionsCount_Success()'><b>testGetPermissionsCount_Success</b><br>Test class: test.PermissionsControllerTest</td>
<td></td>
<td>0</td>
<td>test.PermissionsControllerTest@76f2dad9</td></tr>
<tr>
<td title='test.HolidayDAOImplTest.testFindAllOptedHolidays()'><b>testFindAllOptedHolidays</b><br>Test class: test.HolidayDAOImplTest</td>
<td></td>
<td>0</td>
<td>test.HolidayDAOImplTest@1d6751e3</td></tr>
<tr>
<td title='test.OfferLetterControllerTest.testGetIssuingCandidates()'><b>testGetIssuingCandidates</b><br>Test class: test.OfferLetterControllerTest</td>
<td></td>
<td>0</td>
<td>test.OfferLetterControllerTest@63fd4dda</td></tr>
<tr>
<td title='test.ApplyPermissionDAOImplTest.testGetEmployeeApprovedPermissionsCount()'><b>testGetEmployeeApprovedPermissionsCount</b><br>Test class: test.ApplyPermissionDAOImplTest</td>
<td></td>
<td>0</td>
<td>test.ApplyPermissionDAOImplTest@1ac6dd3d</td></tr>
<tr>
<td title='test.CandidateDAOImplTest.testGetCandidateById()'><b>testGetCandidateById</b><br>Test class: test.CandidateDAOImplTest</td>
<td></td>
<td>0</td>
<td>test.CandidateDAOImplTest@171dc7c3</td></tr>
<tr>
<td title='test.HolidayDAOImplTest.testSaveJobGrade()'><b>testSaveJobGrade</b><br>Test class: test.HolidayDAOImplTest</td>
<td></td>
<td>0</td>
<td>test.HolidayDAOImplTest@1d6751e3</td></tr>
<tr>
<td title='test.HolidayControllerTest.testDisplayEmployeeInformation()'><b>testDisplayEmployeeInformation</b><br>Test class: test.HolidayControllerTest</td>
<td></td>
<td>0</td>
<td>test.HolidayControllerTest@22825e1e</td></tr>
<tr>
<td title='test.PayRollServiceImplTest.testCalculateTA()'><b>testCalculateTA</b><br>Test class: test.PayRollServiceImplTest</td>
<td></td>
<td>0</td>
<td>test.PayRollServiceImplTest@43245559</td></tr>
<tr>
<td title='test.TestReferenceDocumentDAOImpl.testSave()'><b>testSave</b><br>Test class: test.TestReferenceDocumentDAOImpl</td>
<td></td>
<td>0</td>
<td>test.TestReferenceDocumentDAOImpl@a85644c</td></tr>
<tr>
<td title='test.TestInductionDAOImpl.testInsertEmployeeWithNullInduction()'><b>testInsertEmployeeWithNullInduction</b><br>Test class: test.TestInductionDAOImpl</td>
<td><div><pre>exceptions.CustomException: Custom exception message
	at DAO.InductionDAOImpl.insertEmployee(InductionDAOImpl.java:51)
	at test.TestInductionDAOImpl.testInsertEmployeeWithNullInduction(TestInductionDAOImpl.java:82)
	at java.base/jdk.internal.reflect.NativeMethodAccessorImpl.invoke0(Native Method)
	at java.base/jdk.internal.reflect.NativeMethodAccessorImpl.invoke(NativeMethodAccessorImpl.java:77)
	at java.base/jdk.internal.reflect.DelegatingMethodAccessorImpl.invoke(DelegatingMethodAccessorImpl.java:43)
	at java.base/java.lang.reflect.Method.invoke(Method.java:568)
	at org.testng.internal.invokers.MethodInvocationHelper.invokeMethod(MethodInvocationHelper.java:139)
	at org.testng.internal.invokers.TestInvoker.invokeMethod(TestInvoker.java:664)
	at org.testng.internal.invokers.TestInvoker.invokeTestMethod(TestInvoker.java:227)
	at org.testng.internal.invokers.MethodRunner.runInSequence(MethodRunner.java:50)
	at org.testng.internal.invokers.TestInvoker$MethodInvocationAgent.invoke(TestInvoker.java:957)
	at org.testng.internal.invokers.TestInvoker.invokeTestMethods(TestInvoker.java:200)
	at org.testng.internal.invokers.TestMethodWorker.invokeTestMethods(TestMethodWorker.java:148)
	at org.testng.internal.invokers.TestMethodWorker.run(TestMethodWorker.java:128)
	at java.base/java.util.ArrayList.forEach(ArrayList.java:1511)
	at org.testng.TestRunner.privateRun(TestRunner.java:848)
	at org.testng.TestRunner.run(TestRunner.java:621)
	at org.testng.SuiteRunner.runTest(SuiteRunner.java:443)
	at org.testng.SuiteRunner.runSequentially(SuiteRunner.java:437)
	at org.testng.SuiteRunner.privateRun(SuiteRunner.java:397)
	at org.testng.SuiteRunner.run(SuiteRunner.java:336)
	at org.testng.SuiteRunnerWorker.runSuite(SuiteRunnerWorker.java:52)
	at org.testng.SuiteRunnerWorker.run(SuiteRunnerWorker.java:95)
	at org.testng.TestNG.runSuitesSequentially(TestNG.java:1280)
	at org.testng.TestNG.runSuitesLocally(TestNG.java:1200)
	at org.testng.TestNG.runSuites(TestNG.java:1114)
	at org.testng.TestNG.run(TestNG.java:1082)
	at org.testng.remote.AbstractRemoteTestNG.run(AbstractRemoteTestNG.java:115)
	at org.testng.remote.RemoteTestNG.initAndRun(RemoteTestNG.java:251)
	at org.testng.remote.RemoteTestNG.main(RemoteTestNG.java:77)
</pre></div><a href='#' onClick='toggleBox("stack-trace88893820", this, "Click to show all stack frames", "Click to hide stack frames")'>Click to show all stack frames</a>
<div class='stack-trace' id='stack-trace88893820'><pre>exceptions.CustomException: Custom exception message
	at DAO.InductionDAOImpl.insertEmployee(InductionDAOImpl.java:51)
	at test.TestInductionDAOImpl.testInsertEmployeeWithNullInduction(TestInductionDAOImpl.java:82)
	at java.base/jdk.internal.reflect.NativeMethodAccessorImpl.invoke0(Native Method)
	at java.base/jdk.internal.reflect.NativeMethodAccessorImpl.invoke(NativeMethodAccessorImpl.java:77)
	at java.base/jdk.internal.reflect.DelegatingMethodAccessorImpl.invoke(DelegatingMethodAccessorImpl.java:43)
	at java.base/java.lang.reflect.Method.invoke(Method.java:568)
	at org.testng.internal.invokers.MethodInvocationHelper.invokeMethod(MethodInvocationHelper.java:139)
	at org.testng.internal.invokers.TestInvoker.invokeMethod(TestInvoker.java:664)
	at org.testng.internal.invokers.TestInvoker.invokeTestMethod(TestInvoker.java:227)
	at org.testng.internal.invokers.MethodRunner.runInSequence(MethodRunner.java:50)
	at org.testng.internal.invokers.TestInvoker$MethodInvocationAgent.invoke(TestInvoker.java:957)
	at org.testng.internal.invokers.TestInvoker.invokeTestMethods(TestInvoker.java:200)
	at org.testng.internal.invokers.TestMethodWorker.invokeTestMethods(TestMethodWorker.java:148)
	at org.testng.internal.invokers.TestMethodWorker.run(TestMethodWorker.java:128)
	at java.base/java.util.ArrayList.forEach(ArrayList.java:1511)
	at org.testng.TestRunner.privateRun(TestRunner.java:848)
	at org.testng.TestRunner.run(TestRunner.java:621)
	at org.testng.SuiteRunner.runTest(SuiteRunner.java:443)
	at org.testng.SuiteRunner.runSequentially(SuiteRunner.java:437)
	at org.testng.SuiteRunner.privateRun(SuiteRunner.java:397)
	at org.testng.SuiteRunner.run(SuiteRunner.java:336)
	at org.testng.SuiteRunnerWorker.runSuite(SuiteRunnerWorker.java:52)
	at org.testng.SuiteRunnerWorker.run(SuiteRunnerWorker.java:95)
	at org.testng.TestNG.runSuitesSequentially(TestNG.java:1280)
	at org.testng.TestNG.runSuitesLocally(TestNG.java:1200)
	at org.testng.TestNG.runSuites(TestNG.java:1114)
	at org.testng.TestNG.run(TestNG.java:1082)
	at org.testng.remote.AbstractRemoteTestNG.run(AbstractRemoteTestNG.java:115)
	at org.testng.remote.RemoteTestNG.initAndRun(RemoteTestNG.java:251)
	at org.testng.remote.RemoteTestNG.main(RemoteTestNG.java:77)
</pre></div></td>
<td>0</td>
<td>test.TestInductionDAOImpl@335f5c69</td></tr>
<tr>
<td title='test.PayRollDAOImplTest.testGetEmployeePayslipsByEmployeeIdAndMonthYear()'><b>testGetEmployeePayslipsByEmployeeIdAndMonthYear</b><br>Test class: test.PayRollDAOImplTest</td>
<td></td>
<td>0</td>
<td>test.PayRollDAOImplTest@55c57422</td></tr>
<tr>
<td title='test.TestReferenceDocumentDAOImpl.testGetIndex()'><b>testGetIndex</b><br>Test class: test.TestReferenceDocumentDAOImpl</td>
<td></td>
<td>0</td>
<td>test.TestReferenceDocumentDAOImpl@a85644c</td></tr>
<tr>
<td title='test.TestReferenceDocumentServiceImpl.testGetAllDocuments()'><b>testGetAllDocuments</b><br>Test class: test.TestReferenceDocumentServiceImpl</td>
<td></td>
<td>0</td>
<td>test.TestReferenceDocumentServiceImpl@4cdba2ed</td></tr>
<tr>
<td title='test.EmployeeAttendanceServiceTest.testConvertToDateTime_WhenCellDoesNotContainDateTime_ReturnsNull()'><b>testConvertToDateTime_WhenCellDoesNotContainDateTime_ReturnsNull</b><br>Test class: test.EmployeeAttendanceServiceTest</td>
<td></td>
<td>0</td>
<td>test.EmployeeAttendanceServiceTest@5d5c41e5</td></tr>
<tr>
<td title='test.HolidayDAOImplTest.testFindHolidayById()'><b>testFindHolidayById</b><br>Test class: test.HolidayDAOImplTest</td>
<td></td>
<td>0</td>
<td>test.HolidayDAOImplTest@1d6751e3</td></tr>
<tr>
<td title='test.PermissionsControllerTest.testRejectPermission_Success()'><b>testRejectPermission_Success</b><br>Test class: test.PermissionsControllerTest</td>
<td></td>
<td>0</td>
<td>test.PermissionsControllerTest@76f2dad9</td></tr>
<tr>
<td title='test.TestInductionDAOImpl.testGetAllInductions()'><b>testGetAllInductions</b><br>Test class: test.TestInductionDAOImpl</td>
<td></td>
<td>0</td>
<td>test.TestInductionDAOImpl@335f5c69</td></tr>
<tr>
<td title='test.TestReferenceDocumentServiceImpl.testGetReferenceDocumentById()'><b>testGetReferenceDocumentById</b><br>Test class: test.TestReferenceDocumentServiceImpl</td>
<td></td>
<td>0</td>
<td>test.TestReferenceDocumentServiceImpl@4cdba2ed</td></tr>
<tr>
<td title='test.HolidayControllerTest.testSubmitSelectedHolidays()'><b>testSubmitSelectedHolidays</b><br>Test class: test.HolidayControllerTest</td>
<td></td>
<td>0</td>
<td>test.HolidayControllerTest@22825e1e</td></tr>
<tr>
<td title='test.EmployeeDAOImplTest.testInsertEmployee()'><b>testInsertEmployee</b><br>Test class: test.EmployeeDAOImplTest</td>
<td></td>
<td>0</td>
<td>test.EmployeeDAOImplTest@794f11cd</td></tr>
<tr>
<td title='test.PermissionsControllerTest.testAdminViewPermissionRequests()'><b>testAdminViewPermissionRequests</b><br>Test class: test.PermissionsControllerTest</td>
<td></td>
<td>0</td>
<td>test.PermissionsControllerTest@76f2dad9</td></tr>
<tr>
<td title='test.TestReferenceDocumentDAOImpl.testGetDOCIndex()'><b>testGetDOCIndex</b><br>Test class: test.TestReferenceDocumentDAOImpl</td>
<td></td>
<td>0</td>
<td>test.TestReferenceDocumentDAOImpl@a85644c</td></tr>
<tr>
<td title='test.EmployeeLeaveServiceTest.testCalculateLeavesTaken_NoLeaves()'><b>testCalculateLeavesTaken_NoLeaves</b><br>Test class: test.EmployeeLeaveServiceTest</td>
<td></td>
<td>0</td>
<td>test.EmployeeLeaveServiceTest@499ee966</td></tr>
<tr>
<td title='test.PayRollServiceImplTest.testCalculatePF()'><b>testCalculatePF</b><br>Test class: test.PayRollServiceImplTest</td>
<td></td>
<td>0</td>
<td>test.PayRollServiceImplTest@43245559</td></tr>
<tr>
<td title='test.HolidayControllerTest.testShowHolidays()'><b>testShowHolidays</b><br>Test class: test.HolidayControllerTest</td>
<td></td>
<td>0</td>
<td>test.HolidayControllerTest@22825e1e</td></tr>
<tr>
<td title='test.EmployeeDAOImplTest.testUpdateEmployee()'><b>testUpdateEmployee</b><br>Test class: test.EmployeeDAOImplTest</td>
<td></td>
<td>0</td>
<td>test.EmployeeDAOImplTest@794f11cd</td></tr>
<tr>
<td title='test.OfferLetterDAOImplTest.testGetLatestEofrIdFromDatabase()'><b>testGetLatestEofrIdFromDatabase</b><br>Test class: test.OfferLetterDAOImplTest</td>
<td></td>
<td>0</td>
<td>test.OfferLetterDAOImplTest@42e4e589</td></tr>
<tr>
<td title='test.PayRollServiceImplTest.testCalculateNetPay()'><b>testCalculateNetPay</b><br>Test class: test.PayRollServiceImplTest</td>
<td></td>
<td>0</td>
<td>test.PayRollServiceImplTest@43245559</td></tr>
<tr>
<td title='test.EmployeeDAOImplTest.testGetAllEmployees()'><b>testGetAllEmployees</b><br>Test class: test.EmployeeDAOImplTest</td>
<td></td>
<td>0</td>
<td>test.EmployeeDAOImplTest@794f11cd</td></tr>
<tr>
<td title='test.OfferLetterDAOImplTest.testGetInductionDocuments()'><b>testGetInductionDocuments</b><br>Test class: test.OfferLetterDAOImplTest</td>
<td></td>
<td>0</td>
<td>test.OfferLetterDAOImplTest@42e4e589</td></tr>
<tr>
<td title='test.EmployeeLeaveServiceTest.testCalculateLeavesTaken_WithLeaves()'><b>testCalculateLeavesTaken_WithLeaves</b><br>Test class: test.EmployeeLeaveServiceTest</td>
<td></td>
<td>0</td>
<td>test.EmployeeLeaveServiceTest@499ee966</td></tr>
<tr>
<td title='test.CandidateControllerTest.testAddCandidates()'><b>testAddCandidates</b><br>Test class: test.CandidateControllerTest</td>
<td></td>
<td>0</td>
<td>test.CandidateControllerTest@562919fe</td></tr>
<tr>
<td title='test.ApplyPermissionDAOImplTest.testPersist()'><b>testPersist</b><br>Test class: test.ApplyPermissionDAOImplTest</td>
<td></td>
<td>0</td>
<td>test.ApplyPermissionDAOImplTest@1ac6dd3d</td></tr>
<tr>
<td title='test.ApplyPermissionDAOImplTest.testGetPermissionByIdAndIndex_NoResult()'><b>testGetPermissionByIdAndIndex_NoResult</b><br>Test class: test.ApplyPermissionDAOImplTest</td>
<td></td>
<td>0</td>
<td>test.ApplyPermissionDAOImplTest@1ac6dd3d</td></tr>
<tr>
<td title='test.EmployeeDAOImplTest.testUpdateEmployeeStatus()'><b>testUpdateEmployeeStatus</b><br>Test class: test.EmployeeDAOImplTest</td>
<td></td>
<td>0</td>
<td>test.EmployeeDAOImplTest@794f11cd</td></tr>
<tr>
<td title='test.ApplyPermissionDAOImplTest.testGetEmployeeAndPermissionRequestData_NoResult()'><b>testGetEmployeeAndPermissionRequestData_NoResult</b><br>Test class: test.ApplyPermissionDAOImplTest</td>
<td></td>
<td>0</td>
<td>test.ApplyPermissionDAOImplTest@1ac6dd3d</td></tr>
<tr>
<td title='test.EmployeeLeaveServiceTest.testCalculateLeavesTaken_PendingLeaves()'><b>testCalculateLeavesTaken_PendingLeaves</b><br>Test class: test.EmployeeLeaveServiceTest</td>
<td></td>
<td>0</td>
<td>test.EmployeeLeaveServiceTest@499ee966</td></tr>
<tr>
<td title='test.TestEmploymentInductionDocumentService.testAddCandidateInductionDocument()'><b>testAddCandidateInductionDocument</b><br>Test class: test.TestEmploymentInductionDocumentService</td>
<td></td>
<td>0</td>
<td>test.TestEmploymentInductionDocumentService@72b0a004</td></tr>
<tr>
<td title='test.TestInductionDAOImpl.testInsertEmployee()'><b>testInsertEmployee</b><br>Test class: test.TestInductionDAOImpl</td>
<td></td>
<td>0</td>
<td>test.TestInductionDAOImpl@335f5c69</td></tr>
<tr>
<td title='test.HolidayDAOImplTest.testFindAllHolidays()'><b>testFindAllHolidays</b><br>Test class: test.HolidayDAOImplTest</td>
<td></td>
<td>0</td>
<td>test.HolidayDAOImplTest@1d6751e3</td></tr>
<tr>
<td title='test.OfferLetterControllerTest.testGetOfferLetterProvidedCandidates()'><b>testGetOfferLetterProvidedCandidates</b><br>Test class: test.OfferLetterControllerTest</td>
<td></td>
<td>0</td>
<td>test.OfferLetterControllerTest@63fd4dda</td></tr>
<tr>
<td title='test.TestReferenceDocumentServiceImpl.testDeleteReferenceDocument()'><b>testDeleteReferenceDocument</b><br>Test class: test.TestReferenceDocumentServiceImpl</td>
<td></td>
<td>0</td>
<td>test.TestReferenceDocumentServiceImpl@4cdba2ed</td></tr>
<tr>
<td title='test.ApplyPermissionDAOImplTest.testGetPermissionByIdAndIndex()'><b>testGetPermissionByIdAndIndex</b><br>Test class: test.ApplyPermissionDAOImplTest</td>
<td></td>
<td>0</td>
<td>test.ApplyPermissionDAOImplTest@1ac6dd3d</td></tr>
<tr>
<td title='test.PermissionsControllerTest.testAcceptPermission_Success()'><b>testAcceptPermission_Success</b><br>Test class: test.PermissionsControllerTest</td>
<td></td>
<td>0</td>
<td>test.PermissionsControllerTest@76f2dad9</td></tr>
<tr>
<td title='test.TestReferenceDocumentDAOImpl.testDeleteById()'><b>testDeleteById</b><br>Test class: test.TestReferenceDocumentDAOImpl</td>
<td></td>
<td>0</td>
<td>test.TestReferenceDocumentDAOImpl@a85644c</td></tr>
<tr>
<td title='test.PayRollServiceImplTest.testCalculateTotalPay()'><b>testCalculateTotalPay</b><br>Test class: test.PayRollServiceImplTest</td>
<td></td>
<td>0</td>
<td>test.PayRollServiceImplTest@43245559</td></tr>
<tr>
<td title='test.OfferLetterDAOImplTest.testGetAllDocuments()'><b>testGetAllDocuments</b><br>Test class: test.OfferLetterDAOImplTest</td>
<td></td>
<td>0</td>
<td>test.OfferLetterDAOImplTest@42e4e589</td></tr>
<tr>
<td title='test.PermissionsControllerTest.testGetPermissionsStatusAtEmp_Success()'><b>testGetPermissionsStatusAtEmp_Success</b><br>Test class: test.PermissionsControllerTest</td>
<td></td>
<td>0</td>
<td>test.PermissionsControllerTest@76f2dad9</td></tr>
<tr>
<td title='test.HolidayDAOImplTest.testSaveJobGradeHoliday()'><b>testSaveJobGradeHoliday</b><br>Test class: test.HolidayDAOImplTest</td>
<td></td>
<td>0</td>
<td>test.HolidayDAOImplTest@1d6751e3</td></tr>
<tr>
<td title='test.PayRollServiceImplTest.testCalculateTax()'><b>testCalculateTax</b><br>Test class: test.PayRollServiceImplTest</td>
<td></td>
<td>0</td>
<td>test.PayRollServiceImplTest@43245559</td></tr>
<tr>
<td title='test.TestInductionDAOImpl.testGetInductionById()'><b>testGetInductionById</b><br>Test class: test.TestInductionDAOImpl</td>
<td></td>
<td>0</td>
<td>test.TestInductionDAOImpl@335f5c69</td></tr>
<tr>
<td title='test.PayRollServiceImplTest.testCalculateAdditions()'><b>testCalculateAdditions</b><br>Test class: test.PayRollServiceImplTest</td>
<td></td>
<td>0</td>
<td>test.PayRollServiceImplTest@43245559</td></tr>
<tr>
<td title='test.ApplyPermissionDAOImplTest.testGetEmployeeAndPermissionRequestData()'><b>testGetEmployeeAndPermissionRequestData</b><br>Test class: test.ApplyPermissionDAOImplTest</td>
<td></td>
<td>0</td>
<td>test.ApplyPermissionDAOImplTest@1ac6dd3d</td></tr>
<tr>
<td title='test.OfferLetterControllerTest.testSendOfferMail()'><b>testSendOfferMail</b><br>Test class: test.OfferLetterControllerTest</td>
<td></td>
<td>0</td>
<td>test.OfferLetterControllerTest@63fd4dda</td></tr>
<tr>
<td title='test.OfferLetterDAOImplTest.testFindAllIssuedCandidates()'><b>testFindAllIssuedCandidates</b><br>Test class: test.OfferLetterDAOImplTest</td>
<td></td>
<td>0</td>
<td>test.OfferLetterDAOImplTest@42e4e589</td></tr>
<tr>
<td title='test.PayRollServiceImplTest.testCalculateDeductions()'><b>testCalculateDeductions</b><br>Test class: test.PayRollServiceImplTest</td>
<td></td>
<td>0</td>
<td>test.PayRollServiceImplTest@43245559</td></tr>
<tr>
<td title='test.OfferLetterDAOImplTest.testGetHrById()'><b>testGetHrById</b><br>Test class: test.OfferLetterDAOImplTest</td>
<td></td>
<td>0</td>
<td>test.OfferLetterDAOImplTest@42e4e589</td></tr>
<tr>
<td title='test.HolidayControllerTest.testDisplayEmployeeInformation_ThrowsEmployeeNotFoundException()'><b>testDisplayEmployeeInformation_ThrowsEmployeeNotFoundException</b><br>Test class: test.HolidayControllerTest</td>
<td><div><pre>exceptions.EmployeeNotFoundException: Employee not found with ID: 1
	at controllers.HolidayController.displayEmployeeInformation(HolidayController.java:141)
	at test.HolidayControllerTest.testDisplayEmployeeInformation_ThrowsEmployeeNotFoundException(HolidayControllerTest.java:80)
	at java.base/jdk.internal.reflect.NativeMethodAccessorImpl.invoke0(Native Method)
	at java.base/jdk.internal.reflect.NativeMethodAccessorImpl.invoke(NativeMethodAccessorImpl.java:77)
	at java.base/jdk.internal.reflect.DelegatingMethodAccessorImpl.invoke(DelegatingMethodAccessorImpl.java:43)
	at java.base/java.lang.reflect.Method.invoke(Method.java:568)
	at org.testng.internal.invokers.MethodInvocationHelper.invokeMethod(MethodInvocationHelper.java:139)
	at org.testng.internal.invokers.TestInvoker.invokeMethod(TestInvoker.java:664)
	at org.testng.internal.invokers.TestInvoker.invokeTestMethod(TestInvoker.java:227)
	at org.testng.internal.invokers.MethodRunner.runInSequence(MethodRunner.java:50)
	at org.testng.internal.invokers.TestInvoker$MethodInvocationAgent.invoke(TestInvoker.java:957)
	at org.testng.internal.invokers.TestInvoker.invokeTestMethods(TestInvoker.java:200)
	at org.testng.internal.invokers.TestMethodWorker.invokeTestMethods(TestMethodWorker.java:148)
	at org.testng.internal.invokers.TestMethodWorker.run(TestMethodWorker.java:128)
	at java.base/java.util.ArrayList.forEach(ArrayList.java:1511)
	at org.testng.TestRunner.privateRun(TestRunner.java:848)
	at org.testng.TestRunner.run(TestRunner.java:621)
	at org.testng.SuiteRunner.runTest(SuiteRunner.java:443)
	at org.testng.SuiteRunner.runSequentially(SuiteRunner.java:437)
	at org.testng.SuiteRunner.privateRun(SuiteRunner.java:397)
	at org.testng.SuiteRunner.run(SuiteRunner.java:336)
	at org.testng.SuiteRunnerWorker.runSuite(SuiteRunnerWorker.java:52)
	at org.testng.SuiteRunnerWorker.run(SuiteRunnerWorker.java:95)
	at org.testng.TestNG.runSuitesSequentially(TestNG.java:1280)
	at org.testng.TestNG.runSuitesLocally(TestNG.java:1200)
	at org.testng.TestNG.runSuites(TestNG.java:1114)
	at org.testng.TestNG.run(TestNG.java:1082)
	at org.testng.remote.AbstractRemoteTestNG.run(AbstractRemoteTestNG.java:115)
	at org.testng.remote.RemoteTestNG.initAndRun(RemoteTestNG.java:251)
	at org.testng.remote.RemoteTestNG.main(RemoteTestNG.java:77)
</pre></div><a href='#' onClick='toggleBox("stack-trace1589795681", this, "Click to show all stack frames", "Click to hide stack frames")'>Click to show all stack frames</a>
<div class='stack-trace' id='stack-trace1589795681'><pre>exceptions.EmployeeNotFoundException: Employee not found with ID: 1
	at controllers.HolidayController.displayEmployeeInformation(HolidayController.java:141)
	at test.HolidayControllerTest.testDisplayEmployeeInformation_ThrowsEmployeeNotFoundException(HolidayControllerTest.java:80)
	at java.base/jdk.internal.reflect.NativeMethodAccessorImpl.invoke0(Native Method)
	at java.base/jdk.internal.reflect.NativeMethodAccessorImpl.invoke(NativeMethodAccessorImpl.java:77)
	at java.base/jdk.internal.reflect.DelegatingMethodAccessorImpl.invoke(DelegatingMethodAccessorImpl.java:43)
	at java.base/java.lang.reflect.Method.invoke(Method.java:568)
	at org.testng.internal.invokers.MethodInvocationHelper.invokeMethod(MethodInvocationHelper.java:139)
	at org.testng.internal.invokers.TestInvoker.invokeMethod(TestInvoker.java:664)
	at org.testng.internal.invokers.TestInvoker.invokeTestMethod(TestInvoker.java:227)
	at org.testng.internal.invokers.MethodRunner.runInSequence(MethodRunner.java:50)
	at org.testng.internal.invokers.TestInvoker$MethodInvocationAgent.invoke(TestInvoker.java:957)
	at org.testng.internal.invokers.TestInvoker.invokeTestMethods(TestInvoker.java:200)
	at org.testng.internal.invokers.TestMethodWorker.invokeTestMethods(TestMethodWorker.java:148)
	at org.testng.internal.invokers.TestMethodWorker.run(TestMethodWorker.java:128)
	at java.base/java.util.ArrayList.forEach(ArrayList.java:1511)
	at org.testng.TestRunner.privateRun(TestRunner.java:848)
	at org.testng.TestRunner.run(TestRunner.java:621)
	at org.testng.SuiteRunner.runTest(SuiteRunner.java:443)
	at org.testng.SuiteRunner.runSequentially(SuiteRunner.java:437)
	at org.testng.SuiteRunner.privateRun(SuiteRunner.java:397)
	at org.testng.SuiteRunner.run(SuiteRunner.java:336)
	at org.testng.SuiteRunnerWorker.runSuite(SuiteRunnerWorker.java:52)
	at org.testng.SuiteRunnerWorker.run(SuiteRunnerWorker.java:95)
	at org.testng.TestNG.runSuitesSequentially(TestNG.java:1280)
	at org.testng.TestNG.runSuitesLocally(TestNG.java:1200)
	at org.testng.TestNG.runSuites(TestNG.java:1114)
	at org.testng.TestNG.run(TestNG.java:1082)
	at org.testng.remote.AbstractRemoteTestNG.run(AbstractRemoteTestNG.java:115)
	at org.testng.remote.RemoteTestNG.initAndRun(RemoteTestNG.java:251)
	at org.testng.remote.RemoteTestNG.main(RemoteTestNG.java:77)
</pre></div></td>
<td>0</td>
<td>test.HolidayControllerTest@22825e1e</td></tr>
<tr>
<td title='test.TestEmploymentInductionService.testGetId()'><b>testGetId</b><br>Test class: test.TestEmploymentInductionService</td>
<td></td>
<td>0</td>
<td>test.TestEmploymentInductionService@2c1f8dbd</td></tr>
<tr>
<td title='test.EmployeeDAOImplTest.testGetEmployee()'><b>testGetEmployee</b><br>Test class: test.EmployeeDAOImplTest</td>
<td></td>
<td>0</td>
<td>test.EmployeeDAOImplTest@794f11cd</td></tr>
<tr>
<td title='test.PayRollDAOImplTest.testGetEmployeePayslipsByEmployeeId()'><b>testGetEmployeePayslipsByEmployeeId</b><br>Test class: test.PayRollDAOImplTest</td>
<td></td>
<td>0</td>
<td>test.PayRollDAOImplTest@55c57422</td></tr>
<tr>
<td title='test.ApplyPermissionDAOImplTest.testAppliedPermissions()'><b>testAppliedPermissions</b><br>Test class: test.ApplyPermissionDAOImplTest</td>
<td></td>
<td>0</td>
<td>test.ApplyPermissionDAOImplTest@1ac6dd3d</td></tr>
<tr>
<td title='test.OfferLetterDAOImplTest.testGetCandidateById()'><b>testGetCandidateById</b><br>Test class: test.OfferLetterDAOImplTest</td>
<td></td>
<td>0</td>
<td>test.OfferLetterDAOImplTest@42e4e589</td></tr>
<tr>
<td title='test.EmployeeAttendanceServiceTest.testGetAvgPunchInAndOut_WithNoPunchData_ReturnsEmptyList()'><b>testGetAvgPunchInAndOut_WithNoPunchData_ReturnsEmptyList</b><br>Test class: test.EmployeeAttendanceServiceTest</td>
<td></td>
<td>0</td>
<td>test.EmployeeAttendanceServiceTest@5d5c41e5</td></tr>
<tr>
<td title='test.EmployeeDAOImplTest.testGetEmployeeById()'><b>testGetEmployeeById</b><br>Test class: test.EmployeeDAOImplTest</td>
<td></td>
<td>0</td>
<td>test.EmployeeDAOImplTest@794f11cd</td></tr>
<tr>
<td title='test.EmployeeLeaveServiceTest.testCalculateLeavesTakenBetweenDates()'><b>testCalculateLeavesTakenBetweenDates</b><br>Test class: test.EmployeeLeaveServiceTest</td>
<td></td>
<td>0</td>
<td>test.EmployeeLeaveServiceTest@499ee966</td></tr>
<tr>
<td title='test.EmployeeLeaveServiceTest.testCalculateLeavesTakenBetweenDatesWithNullDates()'><b>testCalculateLeavesTakenBetweenDatesWithNullDates</b><br>Test class: test.EmployeeLeaveServiceTest</td>
<td></td>
<td>0</td>
<td>test.EmployeeLeaveServiceTest@499ee966</td></tr>
<tr>
<td title='test.OfferLetterDAOImplTest.testFindAllProvidedCandidates()'><b>testFindAllProvidedCandidates</b><br>Test class: test.OfferLetterDAOImplTest</td>
<td></td>
<td>0</td>
<td>test.OfferLetterDAOImplTest@42e4e589</td></tr>
<tr>
<td title='test.TestEmploymentInductionService.testGetAllEmploymentOffers()'><b>testGetAllEmploymentOffers</b><br>Test class: test.TestEmploymentInductionService</td>
<td></td>
<td>0</td>
<td>test.TestEmploymentInductionService@2c1f8dbd</td></tr>
<tr>
<td title='test.ApplyPermissionDAOImplTest.testGetEmployeesByHRAndManager()'><b>testGetEmployeesByHRAndManager</b><br>Test class: test.ApplyPermissionDAOImplTest</td>
<td></td>
<td>0</td>
<td>test.ApplyPermissionDAOImplTest@1ac6dd3d</td></tr>
<tr>
<td title='test.TestInductionDAOImpl.testGetAllEmploymentOffers()'><b>testGetAllEmploymentOffers</b><br>Test class: test.TestInductionDAOImpl</td>
<td></td>
<td>0</td>
<td>test.TestInductionDAOImpl@335f5c69</td></tr>
<tr>
<td title='test.PayRollServiceImplTest.testCalculateGratuity()'><b>testCalculateGratuity</b><br>Test class: test.PayRollServiceImplTest</td>
<td></td>
<td>0</td>
<td>test.PayRollServiceImplTest@43245559</td></tr>
<tr>
<td title='test.TestInductionDAOImpl.testGetCountOfOfferIdentity()'><b>testGetCountOfOfferIdentity</b><br>Test class: test.TestInductionDAOImpl</td>
<td></td>
<td>0</td>
<td>test.TestInductionDAOImpl@335f5c69</td></tr>
<tr>
<td title='test.OfferLetterDAOImplTest.testInsertEofrInto()'><b>testInsertEofrInto</b><br>Test class: test.OfferLetterDAOImplTest</td>
<td></td>
<td>0</td>
<td>test.OfferLetterDAOImplTest@42e4e589</td></tr>
<tr>
<td title='test.EmployeeAttendanceServiceTest.testCalculateAttendance()'><b>testCalculateAttendance</b><br>Test class: test.EmployeeAttendanceServiceTest</td>
<td></td>
<td>0</td>
<td>test.EmployeeAttendanceServiceTest@5d5c41e5</td></tr>
<tr>
<td title='test.PayRollServiceImplTest.testCalculateDA()'><b>testCalculateDA</b><br>Test class: test.PayRollServiceImplTest</td>
<td></td>
<td>0</td>
<td>test.PayRollServiceImplTest@43245559</td></tr>
<tr>
<td title='test.OfferLetterDAOImplTest.testFindIdtyIdByTitle()'><b>testFindIdtyIdByTitle</b><br>Test class: test.OfferLetterDAOImplTest</td>
<td></td>
<td>0</td>
<td>test.OfferLetterDAOImplTest@42e4e589</td></tr>
<tr>
<td title='test.TestReferenceDocumentServiceImpl.testAddReferenceDocument()'><b>testAddReferenceDocument</b><br>Test class: test.TestReferenceDocumentServiceImpl</td>
<td></td>
<td>0</td>
<td>test.TestReferenceDocumentServiceImpl@4cdba2ed</td></tr>
<tr>
<td title='test.PayRollServiceImplTest.testCalculateHRA()'><b>testCalculateHRA</b><br>Test class: test.PayRollServiceImplTest</td>
<td></td>
<td>0</td>
<td>test.PayRollServiceImplTest@43245559</td></tr>
<tr>
<td title='test.HolidayDAOImplTest.testFindAllGradeHolidays()'><b>testFindAllGradeHolidays</b><br>Test class: test.HolidayDAOImplTest</td>
<td></td>
<td>0</td>
<td>test.HolidayDAOImplTest@1d6751e3</td></tr>
<tr>
<td title='test.EmployeeAttendanceServiceTest.testGetAvgPunchInAndOut_WithValidData_ReturnsAveragePunchInAndOutTimes()'><b>testGetAvgPunchInAndOut_WithValidData_ReturnsAveragePunchInAndOutTimes</b><br>Test class: test.EmployeeAttendanceServiceTest</td>
<td></td>
<td>0</td>
<td>test.EmployeeAttendanceServiceTest@5d5c41e5</td></tr>
<tr>
<td title='test.PayRollDAOImplTest.testInsertEmployeePayslip()'><b>testInsertEmployeePayslip</b><br>Test class: test.PayRollDAOImplTest</td>
<td></td>
<td>0</td>
<td>test.PayRollDAOImplTest@55c57422</td></tr>
<tr>
<td title='test.CandidateDAOImplTest.testSaveCandidate()'><b>testSaveCandidate</b><br>Test class: test.CandidateDAOImplTest</td>
<td></td>
<td>0</td>
<td>test.CandidateDAOImplTest@171dc7c3</td></tr>
<tr>
<td title='test.TestEmploymentInductionDocumentService.testGetAllDocuments()'><b>testGetAllDocuments</b><br>Test class: test.TestEmploymentInductionDocumentService</td>
<td></td>
<td>0</td>
<td>test.TestEmploymentInductionDocumentService@72b0a004</td></tr>
<tr>
<td title='test.TestEmploymentInductionDocDAOImpl.testAddEmploymentInductionDocument()'><b>testAddEmploymentInductionDocument</b><br>Test class: test.TestEmploymentInductionDocDAOImpl</td>
<td></td>
<td>0</td>
<td>test.TestEmploymentInductionDocDAOImpl@715f45c6</td></tr>
<tr>
<td title='test.EmployeeLeaveServiceTest.testCalculateLeavesTakenBetweenDatesWithSameDate()'><b>testCalculateLeavesTakenBetweenDatesWithSameDate</b><br>Test class: test.EmployeeLeaveServiceTest</td>
<td></td>
<td>0</td>
<td>test.EmployeeLeaveServiceTest@499ee966</td></tr>
<tr>
<td title='test.HolidayDAOImplTest.testCountMandHolidays()'><b>testCountMandHolidays</b><br>Test class: test.HolidayDAOImplTest</td>
<td></td>
<td>0</td>
<td>test.HolidayDAOImplTest@1d6751e3</td></tr>
<tr>
<td title='test.EmployeeAttendanceServiceTest.testGetYears()'><b>testGetYears</b><br>Test class: test.EmployeeAttendanceServiceTest</td>
<td></td>
<td>0</td>
<td>test.EmployeeAttendanceServiceTest@5d5c41e5</td></tr>
<tr>
<td title='test.PayRollServiceImplTest.testCalculateBasicPay()'><b>testCalculateBasicPay</b><br>Test class: test.PayRollServiceImplTest</td>
<td></td>
<td>0</td>
<td>test.PayRollServiceImplTest@43245559</td></tr>
<tr>
<td title='test.EmployeeDAOImplTest.testGetEmployeesByHRAndManager()'><b>testGetEmployeesByHRAndManager</b><br>Test class: test.EmployeeDAOImplTest</td>
<td></td>
<td>0</td>
<td>test.EmployeeDAOImplTest@794f11cd</td></tr>
<tr>
<td title='test.ApplyPermissionDAOImplTest.testGetEmployeeAndPermissionRequestDataCountPerMonth()'><b>testGetEmployeeAndPermissionRequestDataCountPerMonth</b><br>Test class: test.ApplyPermissionDAOImplTest</td>
<td></td>
<td>0</td>
<td>test.ApplyPermissionDAOImplTest@1ac6dd3d</td></tr>
<tr>
<td title='test.TestEmploymentInductionService.testGetStatusById()'><b>testGetStatusById</b><br>Test class: test.TestEmploymentInductionService</td>
<td></td>
<td>0</td>
<td>test.TestEmploymentInductionService@2c1f8dbd</td></tr>
<tr>
<td title='test.TestInductionDAOImpl.testGetIndex()'><b>testGetIndex</b><br>Test class: test.TestInductionDAOImpl</td>
<td></td>
<td>0</td>
<td>test.TestInductionDAOImpl@335f5c69</td></tr>
<tr>
<td title='test.CandidateDAOImplTest.testGetAllCandidates()'><b>testGetAllCandidates</b><br>Test class: test.CandidateDAOImplTest</td>
<td></td>
<td>0</td>
<td>test.CandidateDAOImplTest@171dc7c3</td></tr>
<tr>
<td title='test.OfferLetterDAOImplTest.testUpdateEmploymentOfferDocuments()'><b>testUpdateEmploymentOfferDocuments</b><br>Test class: test.OfferLetterDAOImplTest</td>
<td></td>
<td>0</td>
<td>test.OfferLetterDAOImplTest@42e4e589</td></tr>
<tr>
<td title='test.EmployeeAttendanceServiceTest.testConvertToDateTime_WhenCellContainsDateTime_ReturnsDateTimeValue()'><b>testConvertToDateTime_WhenCellContainsDateTime_ReturnsDateTimeValue</b><br>Test class: test.EmployeeAttendanceServiceTest</td>
<td></td>
<td>0</td>
<td>test.EmployeeAttendanceServiceTest@5d5c41e5</td></tr>
</table><p>
</body>
</html>