<?xml version="1.0" encoding="UTF-8"?>
<!-- Generated by org.testng.reporters.JUnitXMLReporter -->
<testsuite ignored="0" hostname="DESKTOP-T9D74HK" failures="9" tests="113" name="Default test" time="11.825" errors="0" timestamp="2023-07-09T18:21:55 IST">
  <testcase classname="test.TestReferenceDocumentDAOImpl" name="testDeleteById" time="0.123"/>
  <testcase classname="test.TestReferenceDocumentDAOImpl" name="testFindById" time="0.033"/>
  <testcase classname="test.TestReferenceDocumentDAOImpl" name="testGetDOCIndex" time="0.018"/>
  <testcase classname="test.TestReferenceDocumentDAOImpl" name="testGetIndex" time="0.012"/>
  <testcase classname="test.TestReferenceDocumentDAOImpl" name="testSave" time="0.009"/>
  <testcase classname="test.ApplyPermissionDAOImplTest" name="testAppliedPermissions" time="0.342"/>
  <testcase classname="test.ApplyPermissionDAOImplTest" name="testGetEmployeeAndPermissionRequestData" time="0.467"/>
  <testcase classname="test.ApplyPermissionDAOImplTest" name="testGetEmployeeAndPermissionRequestDataCountPerMonth" time="0.015"/>
  <testcase classname="test.ApplyPermissionDAOImplTest" name="testGetEmployeeAndPermissionRequestData_NoResult" time="0.032"/>
  <testcase classname="test.ApplyPermissionDAOImplTest" name="testGetEmployeeApprovedPermissionsCount" time="0.006"/>
  <testcase classname="test.ApplyPermissionDAOImplTest" name="testGetEmployeesByHRAndManager" time="0.299"/>
  <testcase classname="test.ApplyPermissionDAOImplTest" name="testGetNextPermissionIndex" time="0.016"/>
  <testcase classname="test.ApplyPermissionDAOImplTest" name="testGetPermissionByIdAndIndex" time="0.014"/>
  <testcase classname="test.ApplyPermissionDAOImplTest" name="testGetPermissionByIdAndIndex_NoResult" time="0.005"/>
  <testcase classname="test.ApplyPermissionDAOImplTest" name="testPersist" time="0.009"/>
  <testcase classname="test.CandidateControllerTest" name="testAddCandidates" time="0.01"/>
  <testcase classname="test.CandidateControllerTest" name="testGetCandidateDetails" time="0.104">
    <failure type="org.mockito.exceptions.verification.ArgumentsAreDifferent" message="
Argument(s) are different! Wanted:
modelMapper.map(
    &amp;lt;any List&amp;gt;,
    &amp;lt;any&amp;gt;
);
-&amp;gt; at test.CandidateControllerTest.testGetCandidateDetails(CandidateControllerTest.java:77)
Actual invocation has different arguments:
modelMapper.map(
    models.Candidate@767d9b9,
    class models.input.output.CandidateIO
);
-&amp;gt; at controllers.CandidateController.getCandidateDetails(CandidateController.java:64)
">
      <![CDATA[Argument(s) are different! Wanted:
modelMapper.map(
    <any List>,
    <any>
);
-> at test.CandidateControllerTest.testGetCandidateDetails(CandidateControllerTest.java:77)
Actual invocation has different arguments:
modelMapper.map(
    models.Candidate@767d9b9,
    class models.input.output.CandidateIO
);
-> at controllers.CandidateController.getCandidateDetails(CandidateController.java:64)

at test.CandidateControllerTest.testGetCandidateDetails(CandidateControllerTest.java:77)
at java.base/jdk.internal.reflect.NativeMethodAccessorImpl.invoke0(Native Method)
at java.base/jdk.internal.reflect.NativeMethodAccessorImpl.invoke(NativeMethodAccessorImpl.java:77)
at java.base/jdk.internal.reflect.DelegatingMethodAccessorImpl.invoke(DelegatingMethodAccessorImpl.java:43)
at java.base/java.lang.reflect.Method.invoke(Method.java:568)
at org.testng.internal.invokers.MethodInvocationHelper.invokeMethod(MethodInvocationHelper.java:139)
at org.testng.internal.invokers.TestInvoker.invokeMethod(TestInvoker.java:664)
at org.testng.internal.invokers.TestInvoker.invokeTestMethod(TestInvoker.java:227)
at org.testng.internal.invokers.MethodRunner.runInSequence(MethodRunner.java:50)
at org.testng.internal.invokers.TestInvoker$MethodInvocationAgent.invoke(TestInvoker.java:957)
at org.testng.internal.invokers.TestInvoker.invokeTestMethods(TestInvoker.java:200)
at org.testng.internal.invokers.TestMethodWorker.invokeTestMethods(TestMethodWorker.java:148)
at org.testng.internal.invokers.TestMethodWorker.run(TestMethodWorker.java:128)
at java.base/java.util.ArrayList.forEach(ArrayList.java:1511)
at org.testng.TestRunner.privateRun(TestRunner.java:848)
at org.testng.TestRunner.run(TestRunner.java:621)
at org.testng.SuiteRunner.runTest(SuiteRunner.java:443)
at org.testng.SuiteRunner.runSequentially(SuiteRunner.java:437)
at org.testng.SuiteRunner.privateRun(SuiteRunner.java:397)
at org.testng.SuiteRunner.run(SuiteRunner.java:336)
at org.testng.SuiteRunnerWorker.runSuite(SuiteRunnerWorker.java:52)
at org.testng.SuiteRunnerWorker.run(SuiteRunnerWorker.java:95)
at org.testng.TestNG.runSuitesSequentially(TestNG.java:1280)
at org.testng.TestNG.runSuitesLocally(TestNG.java:1200)
at org.testng.TestNG.runSuites(TestNG.java:1114)
at org.testng.TestNG.run(TestNG.java:1082)
at org.testng.remote.AbstractRemoteTestNG.run(AbstractRemoteTestNG.java:115)
at org.testng.remote.RemoteTestNG.initAndRun(RemoteTestNG.java:251)
at org.testng.remote.RemoteTestNG.main(RemoteTestNG.java:77)
]]>
    </failure>
  </testcase> <!-- testGetCandidateDetails -->
  <testcase classname="test.CandidateControllerTest" name="testListOfCandidatesAfterInsertion" time="0.021">
    <failure type="java.lang.NullPointerException" message="Cannot invoke &amp;quot;org.springframework.validation.BindingResult.hasErrors()&amp;quot; because &amp;quot;bindingResult&amp;quot; is null">
      <![CDATA[java.lang.NullPointerException: Cannot invoke "org.springframework.validation.BindingResult.hasErrors()" because "bindingResult" is null
at controllers.CandidateController.listOfCandidatesAfterInsertion(CandidateController.java:85)
at test.CandidateControllerTest.testListOfCandidatesAfterInsertion(CandidateControllerTest.java:101)
at java.base/jdk.internal.reflect.NativeMethodAccessorImpl.invoke0(Native Method)
at java.base/jdk.internal.reflect.NativeMethodAccessorImpl.invoke(NativeMethodAccessorImpl.java:77)
at java.base/jdk.internal.reflect.DelegatingMethodAccessorImpl.invoke(DelegatingMethodAccessorImpl.java:43)
at java.base/java.lang.reflect.Method.invoke(Method.java:568)
at org.testng.internal.invokers.MethodInvocationHelper.invokeMethod(MethodInvocationHelper.java:139)
at org.testng.internal.invokers.TestInvoker.invokeMethod(TestInvoker.java:664)
at org.testng.internal.invokers.TestInvoker.invokeTestMethod(TestInvoker.java:227)
at org.testng.internal.invokers.MethodRunner.runInSequence(MethodRunner.java:50)
at org.testng.internal.invokers.TestInvoker$MethodInvocationAgent.invoke(TestInvoker.java:957)
at org.testng.internal.invokers.TestInvoker.invokeTestMethods(TestInvoker.java:200)
at org.testng.internal.invokers.TestMethodWorker.invokeTestMethods(TestMethodWorker.java:148)
at org.testng.internal.invokers.TestMethodWorker.run(TestMethodWorker.java:128)
at java.base/java.util.ArrayList.forEach(ArrayList.java:1511)
at org.testng.TestRunner.privateRun(TestRunner.java:848)
at org.testng.TestRunner.run(TestRunner.java:621)
at org.testng.SuiteRunner.runTest(SuiteRunner.java:443)
at org.testng.SuiteRunner.runSequentially(SuiteRunner.java:437)
at org.testng.SuiteRunner.privateRun(SuiteRunner.java:397)
at org.testng.SuiteRunner.run(SuiteRunner.java:336)
at org.testng.SuiteRunnerWorker.runSuite(SuiteRunnerWorker.java:52)
at org.testng.SuiteRunnerWorker.run(SuiteRunnerWorker.java:95)
at org.testng.TestNG.runSuitesSequentially(TestNG.java:1280)
at org.testng.TestNG.runSuitesLocally(TestNG.java:1200)
at org.testng.TestNG.runSuites(TestNG.java:1114)
at org.testng.TestNG.run(TestNG.java:1082)
at org.testng.remote.AbstractRemoteTestNG.run(AbstractRemoteTestNG.java:115)
at org.testng.remote.RemoteTestNG.initAndRun(RemoteTestNG.java:251)
at org.testng.remote.RemoteTestNG.main(RemoteTestNG.java:77)
]]>
    </failure>
  </testcase> <!-- testListOfCandidatesAfterInsertion -->
  <testcase classname="test.CandidateControllerTest" name="testShowCandidateList" time="0.017">
    <failure type="org.mockito.exceptions.verification.ArgumentsAreDifferent" message="
Argument(s) are different! Wanted:
modelMapper.map(
    &amp;lt;any List&amp;gt;,
    &amp;lt;any&amp;gt;
);
-&amp;gt; at test.CandidateControllerTest.testShowCandidateList(CandidateControllerTest.java:58)
Actual invocation has different arguments:
modelMapper.map(
    models.Candidate@767d9b9,
    class models.input.output.CandidateIO
);
-&amp;gt; at controllers.CandidateController.getCandidateDetails(CandidateController.java:64)
">
      <![CDATA[Argument(s) are different! Wanted:
modelMapper.map(
    <any List>,
    <any>
);
-> at test.CandidateControllerTest.testShowCandidateList(CandidateControllerTest.java:58)
Actual invocation has different arguments:
modelMapper.map(
    models.Candidate@767d9b9,
    class models.input.output.CandidateIO
);
-> at controllers.CandidateController.getCandidateDetails(CandidateController.java:64)

at test.CandidateControllerTest.testShowCandidateList(CandidateControllerTest.java:58)
at java.base/jdk.internal.reflect.NativeMethodAccessorImpl.invoke0(Native Method)
at java.base/jdk.internal.reflect.NativeMethodAccessorImpl.invoke(NativeMethodAccessorImpl.java:77)
at java.base/jdk.internal.reflect.DelegatingMethodAccessorImpl.invoke(DelegatingMethodAccessorImpl.java:43)
at java.base/java.lang.reflect.Method.invoke(Method.java:568)
at org.testng.internal.invokers.MethodInvocationHelper.invokeMethod(MethodInvocationHelper.java:139)
at org.testng.internal.invokers.TestInvoker.invokeMethod(TestInvoker.java:664)
at org.testng.internal.invokers.TestInvoker.invokeTestMethod(TestInvoker.java:227)
at org.testng.internal.invokers.MethodRunner.runInSequence(MethodRunner.java:50)
at org.testng.internal.invokers.TestInvoker$MethodInvocationAgent.invoke(TestInvoker.java:957)
at org.testng.internal.invokers.TestInvoker.invokeTestMethods(TestInvoker.java:200)
at org.testng.internal.invokers.TestMethodWorker.invokeTestMethods(TestMethodWorker.java:148)
at org.testng.internal.invokers.TestMethodWorker.run(TestMethodWorker.java:128)
at java.base/java.util.ArrayList.forEach(ArrayList.java:1511)
at org.testng.TestRunner.privateRun(TestRunner.java:848)
at org.testng.TestRunner.run(TestRunner.java:621)
at org.testng.SuiteRunner.runTest(SuiteRunner.java:443)
at org.testng.SuiteRunner.runSequentially(SuiteRunner.java:437)
at org.testng.SuiteRunner.privateRun(SuiteRunner.java:397)
at org.testng.SuiteRunner.run(SuiteRunner.java:336)
at org.testng.SuiteRunnerWorker.runSuite(SuiteRunnerWorker.java:52)
at org.testng.SuiteRunnerWorker.run(SuiteRunnerWorker.java:95)
at org.testng.TestNG.runSuitesSequentially(TestNG.java:1280)
at org.testng.TestNG.runSuitesLocally(TestNG.java:1200)
at org.testng.TestNG.runSuites(TestNG.java:1114)
at org.testng.TestNG.run(TestNG.java:1082)
at org.testng.remote.AbstractRemoteTestNG.run(AbstractRemoteTestNG.java:115)
at org.testng.remote.RemoteTestNG.initAndRun(RemoteTestNG.java:251)
at org.testng.remote.RemoteTestNG.main(RemoteTestNG.java:77)
]]>
    </failure>
  </testcase> <!-- testShowCandidateList -->
  <testcase classname="test.EmployeeDAOImplTest" name="testGetAllEmployees" time="0.007"/>
  <testcase classname="test.EmployeeDAOImplTest" name="testGetEmployee" time="0.004"/>
  <testcase classname="test.EmployeeDAOImplTest" name="testGetEmployeeById" time="0.003"/>
  <testcase classname="test.EmployeeDAOImplTest" name="testGetEmployeeParametersById" time="0.007"/>
  <testcase classname="test.EmployeeDAOImplTest" name="testGetEmployeesByHRAndManager" time="0.006"/>
  <testcase classname="test.EmployeeDAOImplTest" name="testInsertEmployee" time="0.004"/>
  <testcase classname="test.EmployeeDAOImplTest" name="testUpdateEmployee" time="0.012"/>
  <testcase classname="test.EmployeeDAOImplTest" name="testUpdateEmployeeStatus" time="0.011"/>
  <testcase classname="test.TestEmploymentInductionDocDAOImpl" name="testAddEmploymentInductionDocument" time="0.018"/>
  <testcase classname="test.TestEmploymentInductionDocDAOImpl" name="testGetAllDocuments" time="0.021">
    <failure type="java.lang.ArrayIndexOutOfBoundsException" message="Index 4 out of bounds for length 4">
      <![CDATA[java.lang.ArrayIndexOutOfBoundsException: Index 4 out of bounds for length 4
at DAO.EmploymentInductionDocDAOImpl.getAllDocuments(EmploymentInductionDocDAOImpl.java:53)
at test.TestEmploymentInductionDocDAOImpl.testGetAllDocuments(TestEmploymentInductionDocDAOImpl.java:67)
at java.base/jdk.internal.reflect.NativeMethodAccessorImpl.invoke0(Native Method)
at java.base/jdk.internal.reflect.NativeMethodAccessorImpl.invoke(NativeMethodAccessorImpl.java:77)
at java.base/jdk.internal.reflect.DelegatingMethodAccessorImpl.invoke(DelegatingMethodAccessorImpl.java:43)
at java.base/java.lang.reflect.Method.invoke(Method.java:568)
at org.testng.internal.invokers.MethodInvocationHelper.invokeMethod(MethodInvocationHelper.java:139)
at org.testng.internal.invokers.TestInvoker.invokeMethod(TestInvoker.java:664)
at org.testng.internal.invokers.TestInvoker.invokeTestMethod(TestInvoker.java:227)
at org.testng.internal.invokers.MethodRunner.runInSequence(MethodRunner.java:50)
at org.testng.internal.invokers.TestInvoker$MethodInvocationAgent.invoke(TestInvoker.java:957)
at org.testng.internal.invokers.TestInvoker.invokeTestMethods(TestInvoker.java:200)
at org.testng.internal.invokers.TestMethodWorker.invokeTestMethods(TestMethodWorker.java:148)
at org.testng.internal.invokers.TestMethodWorker.run(TestMethodWorker.java:128)
at java.base/java.util.ArrayList.forEach(ArrayList.java:1511)
at org.testng.TestRunner.privateRun(TestRunner.java:848)
at org.testng.TestRunner.run(TestRunner.java:621)
at org.testng.SuiteRunner.runTest(SuiteRunner.java:443)
at org.testng.SuiteRunner.runSequentially(SuiteRunner.java:437)
at org.testng.SuiteRunner.privateRun(SuiteRunner.java:397)
at org.testng.SuiteRunner.run(SuiteRunner.java:336)
at org.testng.SuiteRunnerWorker.runSuite(SuiteRunnerWorker.java:52)
at org.testng.SuiteRunnerWorker.run(SuiteRunnerWorker.java:95)
at org.testng.TestNG.runSuitesSequentially(TestNG.java:1280)
at org.testng.TestNG.runSuitesLocally(TestNG.java:1200)
at org.testng.TestNG.runSuites(TestNG.java:1114)
at org.testng.TestNG.run(TestNG.java:1082)
at org.testng.remote.AbstractRemoteTestNG.run(AbstractRemoteTestNG.java:115)
at org.testng.remote.RemoteTestNG.initAndRun(RemoteTestNG.java:251)
at org.testng.remote.RemoteTestNG.main(RemoteTestNG.java:77)
]]>
    </failure>
  </testcase> <!-- testGetAllDocuments -->
  <testcase classname="test.EmployeeAttendanceServiceTest" name="testCalculateAttendance" time="0.026"/>
  <testcase classname="test.EmployeeAttendanceServiceTest" name="testConvertToDateTime_WhenCellContainsDateTime_ReturnsDateTimeValue" time="0.004"/>
  <testcase classname="test.EmployeeAttendanceServiceTest" name="testConvertToDateTime_WhenCellDoesNotContainDateTime_ReturnsNull" time="0.003"/>
  <testcase classname="test.EmployeeAttendanceServiceTest" name="testGetAvgPunchInAndOut_WithNoPunchData_ReturnsEmptyList" time="0.024"/>
  <testcase classname="test.EmployeeAttendanceServiceTest" name="testGetAvgPunchInAndOut_WithValidData_ReturnsAveragePunchInAndOutTimes" time="0.009"/>
  <testcase classname="test.EmployeeAttendanceServiceTest" name="testGetYears" time="0.032"/>
  <testcase classname="test.EmployeeAttendanceServiceTest" name="testGetYesterdayPunchData" time="0.047">
    <failure type="java.lang.AssertionError" message="expected [09:00 am] but found [09:00 AM]">
      <![CDATA[java.lang.AssertionError: expected [09:00 am] but found [09:00 AM]
at org.testng.Assert.fail(Assert.java:111)
at org.testng.Assert.failNotEquals(Assert.java:1578)
at org.testng.Assert.assertEqualsImpl(Assert.java:150)
at org.testng.Assert.assertEquals(Assert.java:132)
at org.testng.Assert.assertEquals(Assert.java:656)
at org.testng.Assert.assertEquals(Assert.java:666)
at test.EmployeeAttendanceServiceTest.testGetYesterdayPunchData(EmployeeAttendanceServiceTest.java:86)
at java.base/jdk.internal.reflect.NativeMethodAccessorImpl.invoke0(Native Method)
at java.base/jdk.internal.reflect.NativeMethodAccessorImpl.invoke(NativeMethodAccessorImpl.java:77)
at java.base/jdk.internal.reflect.DelegatingMethodAccessorImpl.invoke(DelegatingMethodAccessorImpl.java:43)
at java.base/java.lang.reflect.Method.invoke(Method.java:568)
at org.testng.internal.invokers.MethodInvocationHelper.invokeMethod(MethodInvocationHelper.java:139)
at org.testng.internal.invokers.TestInvoker.invokeMethod(TestInvoker.java:664)
at org.testng.internal.invokers.TestInvoker.invokeTestMethod(TestInvoker.java:227)
at org.testng.internal.invokers.MethodRunner.runInSequence(MethodRunner.java:50)
at org.testng.internal.invokers.TestInvoker$MethodInvocationAgent.invoke(TestInvoker.java:957)
at org.testng.internal.invokers.TestInvoker.invokeTestMethods(TestInvoker.java:200)
at org.testng.internal.invokers.TestMethodWorker.invokeTestMethods(TestMethodWorker.java:148)
at org.testng.internal.invokers.TestMethodWorker.run(TestMethodWorker.java:128)
at java.base/java.util.ArrayList.forEach(ArrayList.java:1511)
at org.testng.TestRunner.privateRun(TestRunner.java:848)
at org.testng.TestRunner.run(TestRunner.java:621)
at org.testng.SuiteRunner.runTest(SuiteRunner.java:443)
at org.testng.SuiteRunner.runSequentially(SuiteRunner.java:437)
at org.testng.SuiteRunner.privateRun(SuiteRunner.java:397)
at org.testng.SuiteRunner.run(SuiteRunner.java:336)
at org.testng.SuiteRunnerWorker.runSuite(SuiteRunnerWorker.java:52)
at org.testng.SuiteRunnerWorker.run(SuiteRunnerWorker.java:95)
at org.testng.TestNG.runSuitesSequentially(TestNG.java:1280)
at org.testng.TestNG.runSuitesLocally(TestNG.java:1200)
at org.testng.TestNG.runSuites(TestNG.java:1114)
at org.testng.TestNG.run(TestNG.java:1082)
at org.testng.remote.AbstractRemoteTestNG.run(AbstractRemoteTestNG.java:115)
at org.testng.remote.RemoteTestNG.initAndRun(RemoteTestNG.java:251)
at org.testng.remote.RemoteTestNG.main(RemoteTestNG.java:77)
]]>
    </failure>
  </testcase> <!-- testGetYesterdayPunchData -->
  <testcase classname="test.EmployeeAttendanceServiceTest" name="testInsertEmployeeAttendance" time="0.01"/>
  <testcase classname="test.PayRollServiceImplTest" name="testCalculateAdditions" time="0.006"/>
  <testcase classname="test.PayRollServiceImplTest" name="testCalculateBasicPay" time="0.007"/>
  <testcase classname="test.PayRollServiceImplTest" name="testCalculateDA" time="0.01"/>
  <testcase classname="test.PayRollServiceImplTest" name="testCalculateDeductions" time="0.014"/>
  <testcase classname="test.PayRollServiceImplTest" name="testCalculateESI" time="0.004"/>
  <testcase classname="test.PayRollServiceImplTest" name="testCalculateGratuity" time="0.006"/>
  <testcase classname="test.PayRollServiceImplTest" name="testCalculateHRA" time="0.029"/>
  <testcase classname="test.PayRollServiceImplTest" name="testCalculateNetPay" time="0.026"/>
  <testcase classname="test.PayRollServiceImplTest" name="testCalculatePF" time="0.014"/>
  <testcase classname="test.PayRollServiceImplTest" name="testCalculateTA" time="0.065"/>
  <testcase classname="test.PayRollServiceImplTest" name="testCalculateTax" time="0.018"/>
  <testcase classname="test.PayRollServiceImplTest" name="testCalculateTotalPay" time="0.038"/>
  <testcase classname="test.OfferLetterDAOImplTest" name="testFindAllIssuedCandidates" time="0.015"/>
  <testcase classname="test.OfferLetterDAOImplTest" name="testFindAllProvidedCandidates" time="0.008"/>
  <testcase classname="test.OfferLetterDAOImplTest" name="testFindIdtyIdByTitle" time="0.012"/>
  <testcase classname="test.OfferLetterDAOImplTest" name="testGetAllDocuments" time="0.006"/>
  <testcase classname="test.OfferLetterDAOImplTest" name="testGetCandidateById" time="0.003"/>
  <testcase classname="test.OfferLetterDAOImplTest" name="testGetHrById" time="0.013"/>
  <testcase classname="test.OfferLetterDAOImplTest" name="testGetInductionDocuments" time="0.009"/>
  <testcase classname="test.OfferLetterDAOImplTest" name="testGetLatestEofrIdFromDatabase" time="0.012"/>
  <testcase classname="test.OfferLetterDAOImplTest" name="testInsertEofrInto" time="0.003"/>
  <testcase classname="test.OfferLetterDAOImplTest" name="testUpdateCandidateStatus" time="0.025">
    <failure type="java.lang.NullPointerException" message="Cannot invoke &amp;quot;java.lang.Integer.intValue()&amp;quot; because the return value of &amp;quot;models.Candidate.getCandId()&amp;quot; is null">
      <![CDATA[java.lang.NullPointerException: Cannot invoke "java.lang.Integer.intValue()" because the return value of "models.Candidate.getCandId()" is null
at DAO.OfferLetterDAOImpl.updateCandidateStatus(OfferLetterDAOImpl.java:92)
at test.OfferLetterDAOImplTest.testUpdateCandidateStatus(OfferLetterDAOImplTest.java:123)
at java.base/jdk.internal.reflect.NativeMethodAccessorImpl.invoke0(Native Method)
at java.base/jdk.internal.reflect.NativeMethodAccessorImpl.invoke(NativeMethodAccessorImpl.java:77)
at java.base/jdk.internal.reflect.DelegatingMethodAccessorImpl.invoke(DelegatingMethodAccessorImpl.java:43)
at java.base/java.lang.reflect.Method.invoke(Method.java:568)
at org.testng.internal.invokers.MethodInvocationHelper.invokeMethod(MethodInvocationHelper.java:139)
at org.testng.internal.invokers.TestInvoker.invokeMethod(TestInvoker.java:664)
at org.testng.internal.invokers.TestInvoker.invokeTestMethod(TestInvoker.java:227)
at org.testng.internal.invokers.MethodRunner.runInSequence(MethodRunner.java:50)
at org.testng.internal.invokers.TestInvoker$MethodInvocationAgent.invoke(TestInvoker.java:957)
at org.testng.internal.invokers.TestInvoker.invokeTestMethods(TestInvoker.java:200)
at org.testng.internal.invokers.TestMethodWorker.invokeTestMethods(TestMethodWorker.java:148)
at org.testng.internal.invokers.TestMethodWorker.run(TestMethodWorker.java:128)
at java.base/java.util.ArrayList.forEach(ArrayList.java:1511)
at org.testng.TestRunner.privateRun(TestRunner.java:848)
at org.testng.TestRunner.run(TestRunner.java:621)
at org.testng.SuiteRunner.runTest(SuiteRunner.java:443)
at org.testng.SuiteRunner.runSequentially(SuiteRunner.java:437)
at org.testng.SuiteRunner.privateRun(SuiteRunner.java:397)
at org.testng.SuiteRunner.run(SuiteRunner.java:336)
at org.testng.SuiteRunnerWorker.runSuite(SuiteRunnerWorker.java:52)
at org.testng.SuiteRunnerWorker.run(SuiteRunnerWorker.java:95)
at org.testng.TestNG.runSuitesSequentially(TestNG.java:1280)
at org.testng.TestNG.runSuitesLocally(TestNG.java:1200)
at org.testng.TestNG.runSuites(TestNG.java:1114)
at org.testng.TestNG.run(TestNG.java:1082)
at org.testng.remote.AbstractRemoteTestNG.run(AbstractRemoteTestNG.java:115)
at org.testng.remote.RemoteTestNG.initAndRun(RemoteTestNG.java:251)
at org.testng.remote.RemoteTestNG.main(RemoteTestNG.java:77)
]]>
    </failure>
  </testcase> <!-- testUpdateCandidateStatus -->
  <testcase classname="test.OfferLetterDAOImplTest" name="testUpdateEmploymentOfferDocuments" time="0.008"/>
  <testcase classname="test.EmployeeLeaveServiceTest" name="testCalculateLeavesTakenBetweenDates" time="0.002"/>
  <testcase classname="test.EmployeeLeaveServiceTest" name="testCalculateLeavesTakenBetweenDatesWithNullDates" time="0.008"/>
  <testcase classname="test.EmployeeLeaveServiceTest" name="testCalculateLeavesTakenBetweenDatesWithSameDate" time="0.007"/>
  <testcase classname="test.EmployeeLeaveServiceTest" name="testCalculateLeavesTaken_NoLeaves" time="0.02"/>
  <testcase classname="test.EmployeeLeaveServiceTest" name="testCalculateLeavesTaken_PendingLeaves" time="0.013"/>
  <testcase classname="test.EmployeeLeaveServiceTest" name="testCalculateLeavesTaken_WithLeaves" time="0.006"/>
  <testcase classname="test.EmployeeLeaveServiceTest" name="testSendEmail" time="0.196">
    <failure type="java.lang.NullPointerException" message="Cannot invoke &amp;quot;service_interfaces.MailServiceInterface.sendLeaveRequestMail(javax.servlet.http.HttpServletRequest, javax.servlet.http.HttpServletResponse, models.input.output.EmployeeLeaveInputModel, String, String)&amp;quot; because &amp;quot;this.mailService&amp;quot; is null">
      <![CDATA[java.lang.NullPointerException: Cannot invoke "service_interfaces.MailServiceInterface.sendLeaveRequestMail(javax.servlet.http.HttpServletRequest, javax.servlet.http.HttpServletResponse, models.input.output.EmployeeLeaveInputModel, String, String)" because "this.mailService" is null
at service.EmployeeLeaveService.sendEmail(EmployeeLeaveService.java:130)
at test.EmployeeLeaveServiceTest.testSendEmail(EmployeeLeaveServiceTest.java:229)
at java.base/jdk.internal.reflect.NativeMethodAccessorImpl.invoke0(Native Method)
at java.base/jdk.internal.reflect.NativeMethodAccessorImpl.invoke(NativeMethodAccessorImpl.java:77)
at java.base/jdk.internal.reflect.DelegatingMethodAccessorImpl.invoke(DelegatingMethodAccessorImpl.java:43)
at java.base/java.lang.reflect.Method.invoke(Method.java:568)
at org.testng.internal.invokers.MethodInvocationHelper.invokeMethod(MethodInvocationHelper.java:139)
at org.testng.internal.invokers.TestInvoker.invokeMethod(TestInvoker.java:664)
at org.testng.internal.invokers.TestInvoker.invokeTestMethod(TestInvoker.java:227)
at org.testng.internal.invokers.MethodRunner.runInSequence(MethodRunner.java:50)
at org.testng.internal.invokers.TestInvoker$MethodInvocationAgent.invoke(TestInvoker.java:957)
at org.testng.internal.invokers.TestInvoker.invokeTestMethods(TestInvoker.java:200)
at org.testng.internal.invokers.TestMethodWorker.invokeTestMethods(TestMethodWorker.java:148)
at org.testng.internal.invokers.TestMethodWorker.run(TestMethodWorker.java:128)
at java.base/java.util.ArrayList.forEach(ArrayList.java:1511)
at org.testng.TestRunner.privateRun(TestRunner.java:848)
at org.testng.TestRunner.run(TestRunner.java:621)
at org.testng.SuiteRunner.runTest(SuiteRunner.java:443)
at org.testng.SuiteRunner.runSequentially(SuiteRunner.java:437)
at org.testng.SuiteRunner.privateRun(SuiteRunner.java:397)
at org.testng.SuiteRunner.run(SuiteRunner.java:336)
at org.testng.SuiteRunnerWorker.runSuite(SuiteRunnerWorker.java:52)
at org.testng.SuiteRunnerWorker.run(SuiteRunnerWorker.java:95)
at org.testng.TestNG.runSuitesSequentially(TestNG.java:1280)
at org.testng.TestNG.runSuitesLocally(TestNG.java:1200)
at org.testng.TestNG.runSuites(TestNG.java:1114)
at org.testng.TestNG.run(TestNG.java:1082)
at org.testng.remote.AbstractRemoteTestNG.run(AbstractRemoteTestNG.java:115)
at org.testng.remote.RemoteTestNG.initAndRun(RemoteTestNG.java:251)
at org.testng.remote.RemoteTestNG.main(RemoteTestNG.java:77)
]]>
    </failure>
  </testcase> <!-- testSendEmail -->
  <testcase classname="test.PermissionsControllerTest" name="testAcceptPermission_Success" time="0.111"/>
  <testcase classname="test.PermissionsControllerTest" name="testAdminViewPermissionRequests" time="0.005"/>
  <testcase classname="test.PermissionsControllerTest" name="testGetPermissionsCount_Success" time="0.51"/>
  <testcase classname="test.PermissionsControllerTest" name="testGetPermissionsStatusAtEmp_Success" time="0.032"/>
  <testcase classname="test.PermissionsControllerTest" name="testRejectPermission_Success" time="0.011"/>
  <testcase classname="test.CandidateDAOImplTest" name="testGetAllCandidates" time="0.002"/>
  <testcase classname="test.CandidateDAOImplTest" name="testGetCandidateById" time="0.002"/>
  <testcase classname="test.CandidateDAOImplTest" name="testSaveCandidate" time="0.006"/>
  <testcase classname="test.TestEmploymentInductionDocumentService" name="testAddCandidateInductionDocument" time="0.003"/>
  <testcase classname="test.TestEmploymentInductionDocumentService" name="testGetAllDocuments" time="0.006"/>
  <testcase classname="test.TestReferenceDocumentServiceImpl" name="testAddReferenceDocument" time="0.005"/>
  <testcase classname="test.TestReferenceDocumentServiceImpl" name="testDeleteReferenceDocument" time="0.007"/>
  <testcase classname="test.TestReferenceDocumentServiceImpl" name="testGetAllDocuments" time="0.005"/>
  <testcase classname="test.TestReferenceDocumentServiceImpl" name="testGetReferenceDocumentById" time="0.01"/>
  <testcase classname="test.TestEmploymentInductionService" name="testGetAllEmploymentOffers" time="0.024"/>
  <testcase classname="test.TestEmploymentInductionService" name="testGetId" time="0.002"/>
  <testcase classname="test.TestEmploymentInductionService" name="testGetStatusById" time="0.009"/>
  <testcase classname="test.PayRollDAOImplTest" name="testGetEmployeePayslipsByEmployeeId" time="0.008"/>
  <testcase classname="test.PayRollDAOImplTest" name="testGetEmployeePayslipsByEmployeeIdAndMonthYear" time="0.006"/>
  <testcase classname="test.PayRollDAOImplTest" name="testInsertEmployeePayslip" time="0.007"/>
  <testcase classname="test.HolidayControllerTest" name="testDisplayEmployeeInformation" time="0.022"/>
  <testcase classname="test.HolidayControllerTest" name="testDisplayEmployeeInformation_ThrowsEmployeeNotFoundException" time="0.004"/>
  <testcase classname="test.HolidayControllerTest" name="testShowHolidays" time="0.007"/>
  <testcase classname="test.HolidayControllerTest" name="testSubmitSelectedHolidays" time="0.007"/>
  <testcase classname="test.TestInductionDAOImpl" name="testGetAllEmploymentOffers" time="0.01"/>
  <testcase classname="test.TestInductionDAOImpl" name="testGetAllInductions" time="0.003"/>
  <testcase classname="test.TestInductionDAOImpl" name="testGetCountOfOfferIdentity" time="0.017"/>
  <testcase classname="test.TestInductionDAOImpl" name="testGetEmployeeOfferedIdMaxMap" time="0.003">
    <failure type="java.lang.NullPointerException" message="Cannot invoke &amp;quot;javax.persistence.TypedQuery.setParameter(String, Object)&amp;quot; because &amp;quot;typedQuery&amp;quot; is null">
      <![CDATA[java.lang.NullPointerException: Cannot invoke "javax.persistence.TypedQuery.setParameter(String, Object)" because "typedQuery" is null
at DAO.InductionDAOImpl.getCountOfOfferIdentity(InductionDAOImpl.java:108)
at test.TestInductionDAOImpl.testGetEmployeeOfferedIdMaxMap(TestInductionDAOImpl.java:168)
at java.base/jdk.internal.reflect.NativeMethodAccessorImpl.invoke0(Native Method)
at java.base/jdk.internal.reflect.NativeMethodAccessorImpl.invoke(NativeMethodAccessorImpl.java:77)
at java.base/jdk.internal.reflect.DelegatingMethodAccessorImpl.invoke(DelegatingMethodAccessorImpl.java:43)
at java.base/java.lang.reflect.Method.invoke(Method.java:568)
at org.testng.internal.invokers.MethodInvocationHelper.invokeMethod(MethodInvocationHelper.java:139)
at org.testng.internal.invokers.TestInvoker.invokeMethod(TestInvoker.java:664)
at org.testng.internal.invokers.TestInvoker.invokeTestMethod(TestInvoker.java:227)
at org.testng.internal.invokers.MethodRunner.runInSequence(MethodRunner.java:50)
at org.testng.internal.invokers.TestInvoker$MethodInvocationAgent.invoke(TestInvoker.java:957)
at org.testng.internal.invokers.TestInvoker.invokeTestMethods(TestInvoker.java:200)
at org.testng.internal.invokers.TestMethodWorker.invokeTestMethods(TestMethodWorker.java:148)
at org.testng.internal.invokers.TestMethodWorker.run(TestMethodWorker.java:128)
at java.base/java.util.ArrayList.forEach(ArrayList.java:1511)
at org.testng.TestRunner.privateRun(TestRunner.java:848)
at org.testng.TestRunner.run(TestRunner.java:621)
at org.testng.SuiteRunner.runTest(SuiteRunner.java:443)
at org.testng.SuiteRunner.runSequentially(SuiteRunner.java:437)
at org.testng.SuiteRunner.privateRun(SuiteRunner.java:397)
at org.testng.SuiteRunner.run(SuiteRunner.java:336)
at org.testng.SuiteRunnerWorker.runSuite(SuiteRunnerWorker.java:52)
at org.testng.SuiteRunnerWorker.run(SuiteRunnerWorker.java:95)
at org.testng.TestNG.runSuitesSequentially(TestNG.java:1280)
at org.testng.TestNG.runSuitesLocally(TestNG.java:1200)
at org.testng.TestNG.runSuites(TestNG.java:1114)
at org.testng.TestNG.run(TestNG.java:1082)
at org.testng.remote.AbstractRemoteTestNG.run(AbstractRemoteTestNG.java:115)
at org.testng.remote.RemoteTestNG.initAndRun(RemoteTestNG.java:251)
at org.testng.remote.RemoteTestNG.main(RemoteTestNG.java:77)
]]>
    </failure>
  </testcase> <!-- testGetEmployeeOfferedIdMaxMap -->
  <testcase classname="test.TestInductionDAOImpl" name="testGetEmploymentInductionDocCount" time="0.026"/>
  <testcase classname="test.TestInductionDAOImpl" name="testGetEmploymentInductionDocCountMap" time="0.004">
    <failure type="java.lang.NullPointerException" message="Cannot invoke &amp;quot;javax.persistence.TypedQuery.setParameter(String, Object)&amp;quot; because &amp;quot;typedQuery&amp;quot; is null">
      <![CDATA[java.lang.NullPointerException: Cannot invoke "javax.persistence.TypedQuery.setParameter(String, Object)" because "typedQuery" is null
at DAO.InductionDAOImpl.getEmploymentInductionDocCount(InductionDAOImpl.java:131)
at test.TestInductionDAOImpl.testGetEmploymentInductionDocCountMap(TestInductionDAOImpl.java:207)
at java.base/jdk.internal.reflect.NativeMethodAccessorImpl.invoke0(Native Method)
at java.base/jdk.internal.reflect.NativeMethodAccessorImpl.invoke(NativeMethodAccessorImpl.java:77)
at java.base/jdk.internal.reflect.DelegatingMethodAccessorImpl.invoke(DelegatingMethodAccessorImpl.java:43)
at java.base/java.lang.reflect.Method.invoke(Method.java:568)
at org.testng.internal.invokers.MethodInvocationHelper.invokeMethod(MethodInvocationHelper.java:139)
at org.testng.internal.invokers.TestInvoker.invokeMethod(TestInvoker.java:664)
at org.testng.internal.invokers.TestInvoker.invokeTestMethod(TestInvoker.java:227)
at org.testng.internal.invokers.MethodRunner.runInSequence(MethodRunner.java:50)
at org.testng.internal.invokers.TestInvoker$MethodInvocationAgent.invoke(TestInvoker.java:957)
at org.testng.internal.invokers.TestInvoker.invokeTestMethods(TestInvoker.java:200)
at org.testng.internal.invokers.TestMethodWorker.invokeTestMethods(TestMethodWorker.java:148)
at org.testng.internal.invokers.TestMethodWorker.run(TestMethodWorker.java:128)
at java.base/java.util.ArrayList.forEach(ArrayList.java:1511)
at org.testng.TestRunner.privateRun(TestRunner.java:848)
at org.testng.TestRunner.run(TestRunner.java:621)
at org.testng.SuiteRunner.runTest(SuiteRunner.java:443)
at org.testng.SuiteRunner.runSequentially(SuiteRunner.java:437)
at org.testng.SuiteRunner.privateRun(SuiteRunner.java:397)
at org.testng.SuiteRunner.run(SuiteRunner.java:336)
at org.testng.SuiteRunnerWorker.runSuite(SuiteRunnerWorker.java:52)
at org.testng.SuiteRunnerWorker.run(SuiteRunnerWorker.java:95)
at org.testng.TestNG.runSuitesSequentially(TestNG.java:1280)
at org.testng.TestNG.runSuitesLocally(TestNG.java:1200)
at org.testng.TestNG.runSuites(TestNG.java:1114)
at org.testng.TestNG.run(TestNG.java:1082)
at org.testng.remote.AbstractRemoteTestNG.run(AbstractRemoteTestNG.java:115)
at org.testng.remote.RemoteTestNG.initAndRun(RemoteTestNG.java:251)
at org.testng.remote.RemoteTestNG.main(RemoteTestNG.java:77)
]]>
    </failure>
  </testcase> <!-- testGetEmploymentInductionDocCountMap -->
  <testcase classname="test.TestInductionDAOImpl" name="testGetIndex" time="0.004"/>
  <testcase classname="test.TestInductionDAOImpl" name="testGetInductionById" time="0.006"/>
  <testcase classname="test.TestInductionDAOImpl" name="testInsertEmployee" time="0.004"/>
  <testcase classname="test.TestInductionDAOImpl" name="testInsertEmployeeWithNullInduction" time="0.007"/>
  <testcase classname="test.OfferLetterControllerTest" name="testGetIssuingCandidates" time="0.003"/>
  <testcase classname="test.OfferLetterControllerTest" name="testGetOfferLetterProvidedCandidates" time="0.002"/>
  <testcase classname="test.OfferLetterControllerTest" name="testSendOfferMail" time="0.007"/>
  <testcase classname="test.HolidayDAOImplTest" name="testCountMandHolidays" time="0.04"/>
  <testcase classname="test.HolidayDAOImplTest" name="testFindAllGradeHolidays" time="0.005"/>
  <testcase classname="test.HolidayDAOImplTest" name="testFindAllHolidays" time="0.018"/>
  <testcase classname="test.HolidayDAOImplTest" name="testFindAllOptedHolidays" time="0.009"/>
  <testcase classname="test.HolidayDAOImplTest" name="testFindHolidayById" time="0.007"/>
  <testcase classname="test.HolidayDAOImplTest" name="testGetAllJobGradesInfo" time="0.006"/>
  <testcase classname="test.HolidayDAOImplTest" name="testSaveJobGrade" time="0.003"/>
  <testcase classname="test.HolidayDAOImplTest" name="testSaveJobGradeHoliday" time="0.007"/>
  <testcase classname="test.HolidayDAOImplTest" name="testUpdateJobGradeHoliday" time="0.003"/>
</testsuite> <!-- Default test -->
